{"/Users/joseamaro/Documents/Projeto/Nimage/src/application/services/EquipeMetaService.ts": {"path":"/Users/joseamaro/Documents/Projeto/Nimage/src/application/services/EquipeMetaService.ts","statementMap":{"0":{"start":{"line":4,"column":24},"end":{"line":4,"column":66}},"1":{"start":{"line":7,"column":31},"end":{"line":7,"column":81}},"2":{"start":{"line":9,"column":40},"end":{"line":32,"column":10}},"3":{"start":{"line":10,"column":25},"end":{"line":10,"column":108}},"4":{"start":{"line":10,"column":74},"end":{"line":10,"column":104}},"5":{"start":{"line":13,"column":37},"end":{"line":20,"column":44}},"6":{"start":{"line":14,"column":29},"end":{"line":14,"column":71}},"7":{"start":{"line":15,"column":16},"end":{"line":17,"column":17}},"8":{"start":{"line":16,"column":20},"end":{"line":16,"column":34}},"9":{"start":{"line":18,"column":16},"end":{"line":18,"column":52}},"10":{"start":{"line":19,"column":16},"end":{"line":19,"column":27}},"11":{"start":{"line":23,"column":36},"end":{"line":23,"column":110}},"12":{"start":{"line":23,"column":93},"end":{"line":23,"column":106}},"13":{"start":{"line":25,"column":12},"end":{"line":31,"column":14}},"14":{"start":{"line":34,"column":34},"end":{"line":34,"column":119}},"15":{"start":{"line":34,"column":86},"end":{"line":34,"column":115}},"16":{"start":{"line":36,"column":8},"end":{"line":41,"column":10}},"17":{"start":{"line":3,"column":0},"end":{"line":3,"column":13}}},"fnMap":{"0":{"name":"(anonymous_7)","decl":{"start":{"line":4,"column":4},"end":{"line":4,"column":24}},"loc":{"start":{"line":4,"column":66},"end":{"line":4,"column":70}}},"1":{"name":"(anonymous_8)","decl":{"start":{"line":6,"column":10},"end":{"line":6,"column":22}},"loc":{"start":{"line":6,"column":39},"end":{"line":42,"column":null}}},"2":{"name":"(anonymous_10)","decl":{"start":{"line":9,"column":70},"end":{"line":9,"column":78}},"loc":{"start":{"line":9,"column":81},"end":{"line":32,"column":9}}},"3":{"name":"(anonymous_11)","decl":{"start":{"line":10,"column":52},"end":{"line":10,"column":53}},"loc":{"start":{"line":10,"column":74},"end":{"line":10,"column":104}}},"4":{"name":"(anonymous_12)","decl":{"start":{"line":13,"column":64},"end":{"line":13,"column":65}},"loc":{"start":{"line":13,"column":83},"end":{"line":20,"column":13}}},"5":{"name":"(anonymous_13)","decl":{"start":{"line":23,"column":75},"end":{"line":23,"column":76}},"loc":{"start":{"line":23,"column":93},"end":{"line":23,"column":106}}},"6":{"name":"(anonymous_14)","decl":{"start":{"line":34,"column":65},"end":{"line":34,"column":66}},"loc":{"start":{"line":34,"column":86},"end":{"line":34,"column":115}}}},"branchMap":{"0":{"loc":{"start":{"line":15,"column":16},"end":{"line":17,"column":17}},"type":"if","locations":[{"start":{"line":15,"column":16},"end":{"line":17,"column":17}}]}},"s":{"0":1,"1":0,"2":0,"3":0,"4":0,"5":0,"6":0,"7":0,"8":0,"9":0,"10":0,"11":0,"12":0,"13":0,"14":0,"15":0,"16":0,"17":1},"f":{"0":1,"1":0,"2":0,"3":0,"4":0,"5":0,"6":0},"b":{"0":[0]}}
,"/Users/joseamaro/Documents/Projeto/Nimage/src/application/use-cases/AtualizarAtividade.ts": {"path":"/Users/joseamaro/Documents/Projeto/Nimage/src/application/use-cases/AtualizarAtividade.ts","statementMap":{"0":{"start":{"line":5,"column":24},"end":{"line":5,"column":58}},"1":{"start":{"line":10,"column":8},"end":{"line":12,"column":9}},"2":{"start":{"line":11,"column":12},"end":{"line":11,"column":72}},"3":{"start":{"line":14,"column":36},"end":{"line":14,"column":81}},"4":{"start":{"line":17,"column":8},"end":{"line":17,"column":35}},"5":{"start":{"line":4,"column":0},"end":{"line":4,"column":13}}},"fnMap":{"0":{"name":"(anonymous_7)","decl":{"start":{"line":5,"column":4},"end":{"line":5,"column":24}},"loc":{"start":{"line":5,"column":58},"end":{"line":5,"column":62}}},"1":{"name":"(anonymous_8)","decl":{"start":{"line":7,"column":10},"end":{"line":7,"column":18}},"loc":{"start":{"line":7,"column":94},"end":{"line":18,"column":null}}}},"branchMap":{"0":{"loc":{"start":{"line":10,"column":8},"end":{"line":12,"column":9}},"type":"if","locations":[{"start":{"line":10,"column":8},"end":{"line":12,"column":9}}]},"1":{"loc":{"start":{"line":10,"column":12},"end":{"line":10,"column":80}},"type":"binary-expr","locations":[{"start":{"line":10,"column":12},"end":{"line":10,"column":29}},{"start":{"line":10,"column":33},"end":{"line":10,"column":44}},{"start":{"line":10,"column":48},"end":{"line":10,"column":80}}]}},"s":{"0":1,"1":0,"2":0,"3":0,"4":0,"5":1},"f":{"0":1,"1":0},"b":{"0":[0],"1":[0,0,0]}}
,"/Users/joseamaro/Documents/Projeto/Nimage/src/application/use-cases/AtualizarEquipe.ts": {"path":"/Users/joseamaro/Documents/Projeto/Nimage/src/application/use-cases/AtualizarEquipe.ts","statementMap":{"0":{"start":{"line":5,"column":24},"end":{"line":5,"column":52}},"1":{"start":{"line":10,"column":8},"end":{"line":12,"column":9}},"2":{"start":{"line":11,"column":12},"end":{"line":11,"column":69}},"3":{"start":{"line":14,"column":33},"end":{"line":14,"column":75}},"4":{"start":{"line":17,"column":8},"end":{"line":17,"column":32}},"5":{"start":{"line":4,"column":0},"end":{"line":4,"column":13}}},"fnMap":{"0":{"name":"(anonymous_7)","decl":{"start":{"line":5,"column":4},"end":{"line":5,"column":24}},"loc":{"start":{"line":5,"column":52},"end":{"line":5,"column":56}}},"1":{"name":"(anonymous_8)","decl":{"start":{"line":7,"column":10},"end":{"line":7,"column":18}},"loc":{"start":{"line":7,"column":54},"end":{"line":18,"column":null}}}},"branchMap":{"0":{"loc":{"start":{"line":10,"column":8},"end":{"line":12,"column":9}},"type":"if","locations":[{"start":{"line":10,"column":8},"end":{"line":12,"column":9}}]}},"s":{"0":1,"1":0,"2":0,"3":0,"4":0,"5":1},"f":{"0":1,"1":0},"b":{"0":[0]}}
,"/Users/joseamaro/Documents/Projeto/Nimage/src/application/use-cases/AtualizarMeta.ts": {"path":"/Users/joseamaro/Documents/Projeto/Nimage/src/application/use-cases/AtualizarMeta.ts","statementMap":{"0":{"start":{"line":5,"column":24},"end":{"line":5,"column":48}},"1":{"start":{"line":10,"column":8},"end":{"line":12,"column":9}},"2":{"start":{"line":11,"column":12},"end":{"line":11,"column":67}},"3":{"start":{"line":14,"column":31},"end":{"line":14,"column":71}},"4":{"start":{"line":17,"column":8},"end":{"line":17,"column":30}},"5":{"start":{"line":4,"column":0},"end":{"line":4,"column":13}}},"fnMap":{"0":{"name":"(anonymous_7)","decl":{"start":{"line":5,"column":4},"end":{"line":5,"column":24}},"loc":{"start":{"line":5,"column":48},"end":{"line":5,"column":52}}},"1":{"name":"(anonymous_8)","decl":{"start":{"line":7,"column":10},"end":{"line":7,"column":18}},"loc":{"start":{"line":7,"column":76},"end":{"line":18,"column":null}}}},"branchMap":{"0":{"loc":{"start":{"line":10,"column":8},"end":{"line":12,"column":9}},"type":"if","locations":[{"start":{"line":10,"column":8},"end":{"line":12,"column":9}}]},"1":{"loc":{"start":{"line":10,"column":12},"end":{"line":10,"column":59}},"type":"binary-expr","locations":[{"start":{"line":10,"column":12},"end":{"line":10,"column":27}},{"start":{"line":10,"column":31},"end":{"line":10,"column":59}}]}},"s":{"0":1,"1":0,"2":0,"3":0,"4":0,"5":1},"f":{"0":1,"1":0},"b":{"0":[0],"1":[0,0]}}
,"/Users/joseamaro/Documents/Projeto/Nimage/src/application/use-cases/AtualizarVendedor.ts": {"path":"/Users/joseamaro/Documents/Projeto/Nimage/src/application/use-cases/AtualizarVendedor.ts","statementMap":{"0":{"start":{"line":5,"column":24},"end":{"line":5,"column":56}},"1":{"start":{"line":10,"column":8},"end":{"line":12,"column":9}},"2":{"start":{"line":11,"column":12},"end":{"line":11,"column":71}},"3":{"start":{"line":14,"column":35},"end":{"line":14,"column":79}},"4":{"start":{"line":17,"column":8},"end":{"line":17,"column":34}},"5":{"start":{"line":4,"column":0},"end":{"line":4,"column":13}}},"fnMap":{"0":{"name":"(anonymous_7)","decl":{"start":{"line":5,"column":4},"end":{"line":5,"column":24}},"loc":{"start":{"line":5,"column":56},"end":{"line":5,"column":60}}},"1":{"name":"(anonymous_8)","decl":{"start":{"line":7,"column":10},"end":{"line":7,"column":18}},"loc":{"start":{"line":7,"column":73},"end":{"line":18,"column":null}}}},"branchMap":{"0":{"loc":{"start":{"line":10,"column":8},"end":{"line":12,"column":9}},"type":"if","locations":[{"start":{"line":10,"column":8},"end":{"line":12,"column":9}}]},"1":{"loc":{"start":{"line":10,"column":12},"end":{"line":10,"column":43}},"type":"binary-expr","locations":[{"start":{"line":10,"column":12},"end":{"line":10,"column":23}},{"start":{"line":10,"column":27},"end":{"line":10,"column":43}}]}},"s":{"0":1,"1":0,"2":0,"3":0,"4":0,"5":1},"f":{"0":1,"1":0},"b":{"0":[0],"1":[0,0]}}
,"/Users/joseamaro/Documents/Projeto/Nimage/src/application/use-cases/CriarAtividade.ts": {"path":"/Users/joseamaro/Documents/Projeto/Nimage/src/application/use-cases/CriarAtividade.ts","statementMap":{"0":{"start":{"line":1,"column":0},"end":{"line":1,"column":60}},"1":{"start":{"line":5,"column":24},"end":{"line":5,"column":58}},"2":{"start":{"line":10,"column":8},"end":{"line":12,"column":9}},"3":{"start":{"line":11,"column":12},"end":{"line":11,"column":68}},"4":{"start":{"line":14,"column":8},"end":{"line":16,"column":9}},"5":{"start":{"line":15,"column":12},"end":{"line":15,"column":76}},"6":{"start":{"line":18,"column":26},"end":{"line":22,"column":null}},"7":{"start":{"line":27,"column":8},"end":{"line":27,"column":50}},"8":{"start":{"line":30,"column":8},"end":{"line":30,"column":25}},"9":{"start":{"line":4,"column":0},"end":{"line":4,"column":13}}},"fnMap":{"0":{"name":"(anonymous_7)","decl":{"start":{"line":5,"column":4},"end":{"line":5,"column":24}},"loc":{"start":{"line":5,"column":58},"end":{"line":5,"column":62}}},"1":{"name":"(anonymous_8)","decl":{"start":{"line":7,"column":10},"end":{"line":7,"column":18}},"loc":{"start":{"line":7,"column":94},"end":{"line":31,"column":null}}}},"branchMap":{"0":{"loc":{"start":{"line":10,"column":8},"end":{"line":12,"column":9}},"type":"if","locations":[{"start":{"line":10,"column":8},"end":{"line":12,"column":9}}]},"1":{"loc":{"start":{"line":10,"column":12},"end":{"line":10,"column":93}},"type":"binary-expr","locations":[{"start":{"line":10,"column":12},"end":{"line":10,"column":21}},{"start":{"line":10,"column":25},"end":{"line":10,"column":42}},{"start":{"line":10,"column":46},"end":{"line":10,"column":57}},{"start":{"line":10,"column":61},"end":{"line":10,"column":93}}]},"2":{"loc":{"start":{"line":14,"column":8},"end":{"line":16,"column":9}},"type":"if","locations":[{"start":{"line":14,"column":8},"end":{"line":16,"column":9}}]}},"s":{"0":1,"1":1,"2":1,"3":0,"4":1,"5":0,"6":1,"7":1,"8":1,"9":1},"f":{"0":1,"1":1},"b":{"0":[0],"1":[1,1,1,1],"2":[0]}}
,"/Users/joseamaro/Documents/Projeto/Nimage/src/application/use-cases/CriarEquipe.ts": {"path":"/Users/joseamaro/Documents/Projeto/Nimage/src/application/use-cases/CriarEquipe.ts","statementMap":{"0":{"start":{"line":1,"column":0},"end":{"line":1,"column":54}},"1":{"start":{"line":5,"column":24},"end":{"line":5,"column":52}},"2":{"start":{"line":10,"column":8},"end":{"line":12,"column":9}},"3":{"start":{"line":11,"column":12},"end":{"line":11,"column":65}},"4":{"start":{"line":14,"column":8},"end":{"line":16,"column":9}},"5":{"start":{"line":15,"column":12},"end":{"line":15,"column":67}},"6":{"start":{"line":18,"column":23},"end":{"line":18,"column":55}},"7":{"start":{"line":21,"column":8},"end":{"line":21,"column":44}},"8":{"start":{"line":24,"column":8},"end":{"line":24,"column":22}},"9":{"start":{"line":4,"column":0},"end":{"line":4,"column":13}}},"fnMap":{"0":{"name":"(anonymous_7)","decl":{"start":{"line":5,"column":4},"end":{"line":5,"column":24}},"loc":{"start":{"line":5,"column":52},"end":{"line":5,"column":56}}},"1":{"name":"(anonymous_8)","decl":{"start":{"line":7,"column":10},"end":{"line":7,"column":18}},"loc":{"start":{"line":7,"column":54},"end":{"line":25,"column":null}}}},"branchMap":{"0":{"loc":{"start":{"line":10,"column":8},"end":{"line":12,"column":9}},"type":"if","locations":[{"start":{"line":10,"column":8},"end":{"line":12,"column":9}}]},"1":{"loc":{"start":{"line":10,"column":12},"end":{"line":10,"column":36}},"type":"binary-expr","locations":[{"start":{"line":10,"column":12},"end":{"line":10,"column":21}},{"start":{"line":10,"column":25},"end":{"line":10,"column":36}}]},"2":{"loc":{"start":{"line":14,"column":8},"end":{"line":16,"column":9}},"type":"if","locations":[{"start":{"line":14,"column":8},"end":{"line":16,"column":9}}]}},"s":{"0":1,"1":1,"2":1,"3":0,"4":1,"5":0,"6":1,"7":1,"8":1,"9":1},"f":{"0":1,"1":1},"b":{"0":[0],"1":[1,1],"2":[0]}}
,"/Users/joseamaro/Documents/Projeto/Nimage/src/application/use-cases/CriarMeta.ts": {"path":"/Users/joseamaro/Documents/Projeto/Nimage/src/application/use-cases/CriarMeta.ts","statementMap":{"0":{"start":{"line":1,"column":0},"end":{"line":1,"column":50}},"1":{"start":{"line":5,"column":24},"end":{"line":5,"column":48}},"2":{"start":{"line":10,"column":8},"end":{"line":12,"column":9}},"3":{"start":{"line":11,"column":12},"end":{"line":11,"column":63}},"4":{"start":{"line":14,"column":8},"end":{"line":16,"column":9}},"5":{"start":{"line":15,"column":12},"end":{"line":15,"column":72}},"6":{"start":{"line":18,"column":21},"end":{"line":18,"column":71}},"7":{"start":{"line":21,"column":8},"end":{"line":21,"column":40}},"8":{"start":{"line":24,"column":8},"end":{"line":24,"column":20}},"9":{"start":{"line":4,"column":0},"end":{"line":4,"column":13}}},"fnMap":{"0":{"name":"(anonymous_7)","decl":{"start":{"line":5,"column":4},"end":{"line":5,"column":24}},"loc":{"start":{"line":5,"column":48},"end":{"line":5,"column":52}}},"1":{"name":"(anonymous_8)","decl":{"start":{"line":7,"column":10},"end":{"line":7,"column":18}},"loc":{"start":{"line":7,"column":76},"end":{"line":25,"column":null}}}},"branchMap":{"0":{"loc":{"start":{"line":10,"column":8},"end":{"line":12,"column":9}},"type":"if","locations":[{"start":{"line":10,"column":8},"end":{"line":12,"column":9}}]},"1":{"loc":{"start":{"line":10,"column":12},"end":{"line":10,"column":72}},"type":"binary-expr","locations":[{"start":{"line":10,"column":12},"end":{"line":10,"column":21}},{"start":{"line":10,"column":25},"end":{"line":10,"column":40}},{"start":{"line":10,"column":44},"end":{"line":10,"column":72}}]},"2":{"loc":{"start":{"line":14,"column":8},"end":{"line":16,"column":9}},"type":"if","locations":[{"start":{"line":14,"column":8},"end":{"line":16,"column":9}}]}},"s":{"0":1,"1":1,"2":1,"3":0,"4":1,"5":0,"6":1,"7":1,"8":1,"9":1},"f":{"0":1,"1":1},"b":{"0":[0],"1":[1,1,1],"2":[0]}}
,"/Users/joseamaro/Documents/Projeto/Nimage/src/application/use-cases/CriarVendedor.ts": {"path":"/Users/joseamaro/Documents/Projeto/Nimage/src/application/use-cases/CriarVendedor.ts","statementMap":{"0":{"start":{"line":1,"column":0},"end":{"line":1,"column":58}},"1":{"start":{"line":5,"column":24},"end":{"line":5,"column":56}},"2":{"start":{"line":11,"column":8},"end":{"line":13,"column":9}},"3":{"start":{"line":12,"column":12},"end":{"line":12,"column":67}},"4":{"start":{"line":15,"column":25},"end":{"line":15,"column":76}},"5":{"start":{"line":18,"column":8},"end":{"line":18,"column":48}},"6":{"start":{"line":21,"column":8},"end":{"line":21,"column":24}},"7":{"start":{"line":25,"column":8},"end":{"line":25,"column":78}},"8":{"start":{"line":4,"column":0},"end":{"line":4,"column":13}}},"fnMap":{"0":{"name":"(anonymous_7)","decl":{"start":{"line":5,"column":4},"end":{"line":5,"column":24}},"loc":{"start":{"line":5,"column":56},"end":{"line":6,"column":5}}},"1":{"name":"(anonymous_8)","decl":{"start":{"line":8,"column":10},"end":{"line":8,"column":18}},"loc":{"start":{"line":8,"column":73},"end":{"line":22,"column":null}}},"2":{"name":"(anonymous_10)","decl":{"start":{"line":24,"column":10},"end":{"line":24,"column":20}},"loc":{"start":{"line":24,"column":20},"end":{"line":26,"column":null}}}},"branchMap":{"0":{"loc":{"start":{"line":11,"column":8},"end":{"line":13,"column":9}},"type":"if","locations":[{"start":{"line":11,"column":8},"end":{"line":13,"column":9}}]},"1":{"loc":{"start":{"line":11,"column":12},"end":{"line":11,"column":56}},"type":"binary-expr","locations":[{"start":{"line":11,"column":12},"end":{"line":11,"column":21}},{"start":{"line":11,"column":25},"end":{"line":11,"column":36}},{"start":{"line":11,"column":40},"end":{"line":11,"column":56}}]}},"s":{"0":1,"1":1,"2":1,"3":0,"4":1,"5":1,"6":1,"7":0,"8":1},"f":{"0":1,"1":1,"2":0},"b":{"0":[0],"1":[1,1,1]}}
,"/Users/joseamaro/Documents/Projeto/Nimage/src/application/use-cases/ObterAtividades.ts": {"path":"/Users/joseamaro/Documents/Projeto/Nimage/src/application/use-cases/ObterAtividades.ts","statementMap":{"0":{"start":{"line":5,"column":24},"end":{"line":5,"column":58}},"1":{"start":{"line":9,"column":8},"end":{"line":9,"column":64}},"2":{"start":{"line":14,"column":8},"end":{"line":14,"column":55}},"3":{"start":{"line":4,"column":0},"end":{"line":4,"column":13}}},"fnMap":{"0":{"name":"(anonymous_7)","decl":{"start":{"line":5,"column":4},"end":{"line":5,"column":24}},"loc":{"start":{"line":5,"column":58},"end":{"line":5,"column":62}}},"1":{"name":"(anonymous_8)","decl":{"start":{"line":7,"column":10},"end":{"line":7,"column":18}},"loc":{"start":{"line":7,"column":46},"end":{"line":10,"column":null}}},"2":{"name":"(anonymous_10)","decl":{"start":{"line":12,"column":10},"end":{"line":12,"column":23}},"loc":{"start":{"line":12,"column":34},"end":{"line":15,"column":null}}}},"branchMap":{},"s":{"0":1,"1":0,"2":0,"3":1},"f":{"0":1,"1":0,"2":0},"b":{}}
,"/Users/joseamaro/Documents/Projeto/Nimage/src/application/use-cases/ObterEquipe.ts": {"path":"/Users/joseamaro/Documents/Projeto/Nimage/src/application/use-cases/ObterEquipe.ts","statementMap":{"0":{"start":{"line":5,"column":24},"end":{"line":5,"column":52}},"1":{"start":{"line":9,"column":8},"end":{"line":9,"column":61}},"2":{"start":{"line":14,"column":8},"end":{"line":14,"column":52}},"3":{"start":{"line":4,"column":0},"end":{"line":4,"column":13}}},"fnMap":{"0":{"name":"(anonymous_7)","decl":{"start":{"line":5,"column":4},"end":{"line":5,"column":24}},"loc":{"start":{"line":5,"column":52},"end":{"line":5,"column":56}}},"1":{"name":"(anonymous_8)","decl":{"start":{"line":7,"column":10},"end":{"line":7,"column":18}},"loc":{"start":{"line":7,"column":46},"end":{"line":10,"column":null}}},"2":{"name":"(anonymous_10)","decl":{"start":{"line":12,"column":10},"end":{"line":12,"column":23}},"loc":{"start":{"line":12,"column":34},"end":{"line":15,"column":null}}}},"branchMap":{},"s":{"0":1,"1":0,"2":0,"3":1},"f":{"0":1,"1":0,"2":0},"b":{}}
,"/Users/joseamaro/Documents/Projeto/Nimage/src/application/use-cases/ObterEquipeDadosFull.ts": {"path":"/Users/joseamaro/Documents/Projeto/Nimage/src/application/use-cases/ObterEquipeDadosFull.ts","statementMap":{"0":{"start":{"line":8,"column":16},"end":{"line":8,"column":48}},"1":{"start":{"line":9,"column":16},"end":{"line":9,"column":52}},"2":{"start":{"line":10,"column":16},"end":{"line":10,"column":54}},"3":{"start":{"line":11,"column":16},"end":{"line":11,"column":44}},"4":{"start":{"line":18,"column":23},"end":{"line":18,"column":65}},"5":{"start":{"line":19,"column":8},"end":{"line":21,"column":9}},"6":{"start":{"line":20,"column":12},"end":{"line":20,"column":53}},"7":{"start":{"line":24,"column":21},"end":{"line":24,"column":65}},"8":{"start":{"line":27,"column":27},"end":{"line":27,"column":77}},"9":{"start":{"line":30,"column":40},"end":{"line":44,"column":null}},"10":{"start":{"line":31,"column":46},"end":{"line":44,"column":14}},"11":{"start":{"line":32,"column":35},"end":{"line":32,"column":91}},"12":{"start":{"line":33,"column":16},"end":{"line":43,"column":18}},"13":{"start":{"line":37,"column":61},"end":{"line":42,"column":22}},"14":{"start":{"line":48,"column":8},"end":{"line":58,"column":10}},"15":{"start":{"line":6,"column":0},"end":{"line":6,"column":13}}},"fnMap":{"0":{"name":"(anonymous_7)","decl":{"start":{"line":7,"column":4},"end":{"line":7,"column":null}},"loc":{"start":{"line":11,"column":44},"end":{"line":12,"column":8}}},"1":{"name":"(anonymous_8)","decl":{"start":{"line":14,"column":10},"end":{"line":14,"column":18}},"loc":{"start":{"line":14,"column":35},"end":{"line":59,"column":null}}},"2":{"name":"(anonymous_10)","decl":{"start":{"line":31,"column":27},"end":{"line":31,"column":34}},"loc":{"start":{"line":31,"column":46},"end":{"line":44,"column":14}}},"3":{"name":"(anonymous_11)","decl":{"start":{"line":31,"column":46},"end":{"line":31,"column":null}},"loc":{"start":{"line":31,"column":46},"end":{"line":44,"column":13}}},"4":{"name":"(anonymous_12)","decl":{"start":{"line":37,"column":47},"end":{"line":37,"column":56}},"loc":{"start":{"line":37,"column":61},"end":{"line":42,"column":22}}}},"branchMap":{"0":{"loc":{"start":{"line":19,"column":8},"end":{"line":21,"column":9}},"type":"if","locations":[{"start":{"line":19,"column":8},"end":{"line":21,"column":9}}]},"1":{"loc":{"start":{"line":53,"column":18},"end":{"line":56,"column":20}},"type":"cond-expr","locations":[{"start":{"line":53,"column":25},"end":{"line":56,"column":14}},{"start":{"line":56,"column":16},"end":{"line":56,"column":20}}]}},"s":{"0":1,"1":1,"2":1,"3":1,"4":0,"5":0,"6":0,"7":0,"8":0,"9":0,"10":0,"11":0,"12":0,"13":0,"14":0,"15":1},"f":{"0":1,"1":0,"2":0,"3":0,"4":0},"b":{"0":[0],"1":[0,0]}}
,"/Users/joseamaro/Documents/Projeto/Nimage/src/application/use-cases/ObterMeta.ts": {"path":"/Users/joseamaro/Documents/Projeto/Nimage/src/application/use-cases/ObterMeta.ts","statementMap":{"0":{"start":{"line":5,"column":24},"end":{"line":5,"column":48}},"1":{"start":{"line":9,"column":8},"end":{"line":9,"column":59}},"2":{"start":{"line":14,"column":8},"end":{"line":14,"column":50}},"3":{"start":{"line":19,"column":8},"end":{"line":19,"column":60}},"4":{"start":{"line":4,"column":0},"end":{"line":4,"column":13}}},"fnMap":{"0":{"name":"(anonymous_7)","decl":{"start":{"line":5,"column":4},"end":{"line":5,"column":24}},"loc":{"start":{"line":5,"column":48},"end":{"line":5,"column":52}}},"1":{"name":"(anonymous_8)","decl":{"start":{"line":7,"column":10},"end":{"line":7,"column":18}},"loc":{"start":{"line":7,"column":46},"end":{"line":10,"column":null}}},"2":{"name":"(anonymous_10)","decl":{"start":{"line":12,"column":10},"end":{"line":12,"column":23}},"loc":{"start":{"line":12,"column":34},"end":{"line":15,"column":null}}},"3":{"name":"(anonymous_12)","decl":{"start":{"line":17,"column":10},"end":{"line":17,"column":27}},"loc":{"start":{"line":17,"column":44},"end":{"line":20,"column":null}}}},"branchMap":{},"s":{"0":1,"1":0,"2":0,"3":0,"4":1},"f":{"0":1,"1":0,"2":0,"3":0},"b":{}}
,"/Users/joseamaro/Documents/Projeto/Nimage/src/application/use-cases/ObterVendedor.ts": {"path":"/Users/joseamaro/Documents/Projeto/Nimage/src/application/use-cases/ObterVendedor.ts","statementMap":{"0":{"start":{"line":5,"column":24},"end":{"line":5,"column":56}},"1":{"start":{"line":9,"column":8},"end":{"line":9,"column":63}},"2":{"start":{"line":14,"column":8},"end":{"line":14,"column":54}},"3":{"start":{"line":4,"column":0},"end":{"line":4,"column":13}}},"fnMap":{"0":{"name":"(anonymous_7)","decl":{"start":{"line":5,"column":4},"end":{"line":5,"column":24}},"loc":{"start":{"line":5,"column":56},"end":{"line":5,"column":60}}},"1":{"name":"(anonymous_8)","decl":{"start":{"line":7,"column":10},"end":{"line":7,"column":18}},"loc":{"start":{"line":7,"column":46},"end":{"line":10,"column":null}}},"2":{"name":"(anonymous_10)","decl":{"start":{"line":12,"column":10},"end":{"line":12,"column":23}},"loc":{"start":{"line":12,"column":34},"end":{"line":15,"column":null}}}},"branchMap":{},"s":{"0":1,"1":0,"2":0,"3":1},"f":{"0":1,"1":0,"2":0},"b":{}}
,"/Users/joseamaro/Documents/Projeto/Nimage/src/domain/entities/Atividade.ts": {"path":"/Users/joseamaro/Documents/Projeto/Nimage/src/domain/entities/Atividade.ts","statementMap":{"0":{"start":{"line":3,"column":24},"end":{"line":3,"column":34}},"1":{"start":{"line":4,"column":15},"end":{"line":4,"column":33}},"2":{"start":{"line":5,"column":15},"end":{"line":5,"column":25}},"3":{"start":{"line":6,"column":15},"end":{"line":6,"column":35}},"4":{"start":{"line":7,"column":15},"end":{"line":7,"column":38}},"5":{"start":{"line":1,"column":0},"end":{"line":1,"column":13}}},"fnMap":{"0":{"name":"(anonymous_0)","decl":{"start":{"line":2,"column":4},"end":{"line":2,"column":null}},"loc":{"start":{"line":7,"column":38},"end":{"line":8,"column":8}}}},"branchMap":{},"s":{"0":1,"1":1,"2":1,"3":1,"4":1,"5":1},"f":{"0":1},"b":{}}
,"/Users/joseamaro/Documents/Projeto/Nimage/src/domain/entities/Equipe.ts": {"path":"/Users/joseamaro/Documents/Projeto/Nimage/src/domain/entities/Equipe.ts","statementMap":{"0":{"start":{"line":3,"column":24},"end":{"line":3,"column":34}},"1":{"start":{"line":4,"column":15},"end":{"line":4,"column":27}},"2":{"start":{"line":1,"column":0},"end":{"line":1,"column":13}}},"fnMap":{"0":{"name":"(anonymous_0)","decl":{"start":{"line":2,"column":4},"end":{"line":2,"column":null}},"loc":{"start":{"line":4,"column":27},"end":{"line":5,"column":8}}}},"branchMap":{},"s":{"0":1,"1":1,"2":2},"f":{"0":1},"b":{}}
,"/Users/joseamaro/Documents/Projeto/Nimage/src/domain/entities/Meta.ts": {"path":"/Users/joseamaro/Documents/Projeto/Nimage/src/domain/entities/Meta.ts","statementMap":{"0":{"start":{"line":3,"column":24},"end":{"line":3,"column":34}},"1":{"start":{"line":4,"column":15},"end":{"line":4,"column":31}},"2":{"start":{"line":5,"column":15},"end":{"line":5,"column":31}},"3":{"start":{"line":1,"column":0},"end":{"line":1,"column":13}}},"fnMap":{"0":{"name":"(anonymous_0)","decl":{"start":{"line":2,"column":4},"end":{"line":2,"column":null}},"loc":{"start":{"line":5,"column":31},"end":{"line":6,"column":8}}}},"branchMap":{},"s":{"0":1,"1":1,"2":1,"3":2},"f":{"0":1},"b":{}}
,"/Users/joseamaro/Documents/Projeto/Nimage/src/domain/entities/Vendedor.ts": {"path":"/Users/joseamaro/Documents/Projeto/Nimage/src/domain/entities/Vendedor.ts","statementMap":{"0":{"start":{"line":3,"column":24},"end":{"line":3,"column":34}},"1":{"start":{"line":4,"column":15},"end":{"line":4,"column":27}},"2":{"start":{"line":5,"column":15},"end":{"line":5,"column":32}},"3":{"start":{"line":6,"column":15},"end":{"line":6,"column":67}},"4":{"start":{"line":1,"column":0},"end":{"line":1,"column":13}}},"fnMap":{"0":{"name":"(anonymous_0)","decl":{"start":{"line":2,"column":4},"end":{"line":2,"column":null}},"loc":{"start":{"line":6,"column":67},"end":{"line":7,"column":8}}}},"branchMap":{},"s":{"0":1,"1":1,"2":1,"3":1,"4":2},"f":{"0":1},"b":{}}
,"/Users/joseamaro/Documents/Projeto/Nimage/src/infrastructure/database/models/EquipeModel.ts": {"path":"/Users/joseamaro/Documents/Projeto/Nimage/src/infrastructure/database/models/EquipeModel.ts","statementMap":{"0":{"start":{"line":1,"column":0},"end":{"line":1,"column":54}},"1":{"start":{"line":8,"column":29},"end":{"line":11,"column":2}},"2":{"start":{"line":13,"column":13},"end":{"line":13,"column":75}}},"fnMap":{},"branchMap":{},"s":{"0":1,"1":1,"2":1},"f":{},"b":{}}
,"/Users/joseamaro/Documents/Projeto/Nimage/src/infrastructure/database/models/MetaModel.ts": {"path":"/Users/joseamaro/Documents/Projeto/Nimage/src/infrastructure/database/models/MetaModel.ts","statementMap":{"0":{"start":{"line":1,"column":0},"end":{"line":1,"column":54}},"1":{"start":{"line":9,"column":27},"end":{"line":13,"column":2}},"2":{"start":{"line":15,"column":13},"end":{"line":15,"column":67}}},"fnMap":{},"branchMap":{},"s":{"0":1,"1":1,"2":1},"f":{},"b":{}}
,"/Users/joseamaro/Documents/Projeto/Nimage/src/infrastructure/database/models/VendedorModel.ts": {"path":"/Users/joseamaro/Documents/Projeto/Nimage/src/infrastructure/database/models/VendedorModel.ts","statementMap":{"0":{"start":{"line":1,"column":0},"end":{"line":1,"column":54}},"1":{"start":{"line":9,"column":31},"end":{"line":13,"column":2}},"2":{"start":{"line":15,"column":13},"end":{"line":15,"column":83}}},"fnMap":{},"branchMap":{},"s":{"0":1,"1":1,"2":1},"f":{},"b":{}}
,"/Users/joseamaro/Documents/Projeto/Nimage/src/infrastructure/repositories/EquipeRepositoryImpl.ts": {"path":"/Users/joseamaro/Documents/Projeto/Nimage/src/infrastructure/repositories/EquipeRepositoryImpl.ts","statementMap":{"0":{"start":{"line":1,"column":0},"end":{"line":1,"column":54}},"1":{"start":{"line":3,"column":0},"end":{"line":3,"column":61}},"2":{"start":{"line":7,"column":8},"end":{"line":7,"column":41}},"3":{"start":{"line":11,"column":8},"end":{"line":11,"column":56}},"4":{"start":{"line":15,"column":8},"end":{"line":15,"column":71}},"5":{"start":{"line":19,"column":33},"end":{"line":23,"column":16}},"6":{"start":{"line":25,"column":8},"end":{"line":27,"column":9}},"7":{"start":{"line":26,"column":12},"end":{"line":26,"column":74}},"8":{"start":{"line":28,"column":8},"end":{"line":28,"column":20}},"9":{"start":{"line":5,"column":0},"end":{"line":5,"column":13}}},"fnMap":{"0":{"name":"(anonymous_7)","decl":{"start":{"line":6,"column":10},"end":{"line":6,"column":15}},"loc":{"start":{"line":6,"column":30},"end":{"line":8,"column":null}}},"1":{"name":"(anonymous_9)","decl":{"start":{"line":10,"column":10},"end":{"line":10,"column":20}},"loc":{"start":{"line":10,"column":31},"end":{"line":12,"column":null}}},"2":{"name":"(anonymous_11)","decl":{"start":{"line":14,"column":10},"end":{"line":14,"column":20}},"loc":{"start":{"line":14,"column":48},"end":{"line":16,"column":null}}},"3":{"name":"(anonymous_13)","decl":{"start":{"line":18,"column":10},"end":{"line":18,"column":19}},"loc":{"start":{"line":18,"column":55},"end":{"line":29,"column":null}}}},"branchMap":{"0":{"loc":{"start":{"line":25,"column":8},"end":{"line":27,"column":9}},"type":"if","locations":[{"start":{"line":25,"column":8},"end":{"line":27,"column":9}}]}},"s":{"0":1,"1":1,"2":0,"3":0,"4":0,"5":0,"6":0,"7":0,"8":0,"9":1},"f":{"0":0,"1":0,"2":0,"3":0},"b":{"0":[0]}}
,"/Users/joseamaro/Documents/Projeto/Nimage/src/infrastructure/repositories/MetaRepositoryImpl.ts": {"path":"/Users/joseamaro/Documents/Projeto/Nimage/src/infrastructure/repositories/MetaRepositoryImpl.ts","statementMap":{"0":{"start":{"line":1,"column":0},"end":{"line":1,"column":50}},"1":{"start":{"line":3,"column":0},"end":{"line":3,"column":56}},"2":{"start":{"line":6,"column":12},"end":{"line":6,"column":31}},"3":{"start":{"line":9,"column":8},"end":{"line":9,"column":37}},"4":{"start":{"line":14,"column":8},"end":{"line":14,"column":60}},"5":{"start":{"line":18,"column":8},"end":{"line":18,"column":54}},"6":{"start":{"line":22,"column":8},"end":{"line":22,"column":69}},"7":{"start":{"line":26,"column":31},"end":{"line":30,"column":16}},"8":{"start":{"line":32,"column":8},"end":{"line":34,"column":9}},"9":{"start":{"line":33,"column":12},"end":{"line":33,"column":97}},"10":{"start":{"line":35,"column":8},"end":{"line":35,"column":20}},"11":{"start":{"line":5,"column":0},"end":{"line":5,"column":13}}},"fnMap":{"0":{"name":"(anonymous_7)","decl":{"start":{"line":5,"column":0},"end":{"line":5,"column":13}},"loc":{"start":{"line":5,"column":0},"end":{"line":37,"column":1}}},"1":{"name":"(anonymous_8)","decl":{"start":{"line":8,"column":10},"end":{"line":8,"column":15}},"loc":{"start":{"line":8,"column":26},"end":{"line":10,"column":null}}},"2":{"name":"(anonymous_10)","decl":{"start":{"line":12,"column":10},"end":{"line":12,"column":24}},"loc":{"start":{"line":12,"column":41},"end":{"line":15,"column":null}}},"3":{"name":"(anonymous_12)","decl":{"start":{"line":17,"column":10},"end":{"line":17,"column":20}},"loc":{"start":{"line":17,"column":31},"end":{"line":19,"column":null}}},"4":{"name":"(anonymous_14)","decl":{"start":{"line":21,"column":10},"end":{"line":21,"column":20}},"loc":{"start":{"line":21,"column":48},"end":{"line":23,"column":null}}},"5":{"name":"(anonymous_16)","decl":{"start":{"line":25,"column":10},"end":{"line":25,"column":19}},"loc":{"start":{"line":25,"column":77},"end":{"line":36,"column":null}}}},"branchMap":{"0":{"loc":{"start":{"line":32,"column":8},"end":{"line":34,"column":9}},"type":"if","locations":[{"start":{"line":32,"column":8},"end":{"line":34,"column":9}}]}},"s":{"0":1,"1":1,"2":0,"3":0,"4":0,"5":0,"6":0,"7":0,"8":0,"9":0,"10":0,"11":1},"f":{"0":0,"1":0,"2":0,"3":0,"4":0,"5":0},"b":{"0":[0]}}
,"/Users/joseamaro/Documents/Projeto/Nimage/src/infrastructure/repositories/VendedorRepositoryImpl.ts": {"path":"/Users/joseamaro/Documents/Projeto/Nimage/src/infrastructure/repositories/VendedorRepositoryImpl.ts","statementMap":{"0":{"start":{"line":1,"column":0},"end":{"line":1,"column":58}},"1":{"start":{"line":3,"column":0},"end":{"line":3,"column":65}},"2":{"start":{"line":4,"column":0},"end":{"line":4,"column":61}},"3":{"start":{"line":8,"column":8},"end":{"line":8,"column":45}},"4":{"start":{"line":12,"column":25},"end":{"line":12,"column":67}},"5":{"start":{"line":13,"column":8},"end":{"line":16,"column":9}},"6":{"start":{"line":14,"column":27},"end":{"line":14,"column":87}},"7":{"start":{"line":15,"column":12},"end":{"line":15,"column":134}},"8":{"start":{"line":17,"column":8},"end":{"line":17,"column":20}},"9":{"start":{"line":21,"column":27},"end":{"line":21,"column":84}},"10":{"start":{"line":22,"column":8},"end":{"line":25,"column":12}},"11":{"start":{"line":22,"column":67},"end":{"line":25,"column":10}},"12":{"start":{"line":23,"column":27},"end":{"line":23,"column":87}},"13":{"start":{"line":24,"column":12},"end":{"line":24,"column":134}},"14":{"start":{"line":29,"column":27},"end":{"line":29,"column":83}},"15":{"start":{"line":30,"column":8},"end":{"line":33,"column":12}},"16":{"start":{"line":30,"column":67},"end":{"line":33,"column":10}},"17":{"start":{"line":31,"column":27},"end":{"line":31,"column":87}},"18":{"start":{"line":32,"column":12},"end":{"line":32,"column":134}},"19":{"start":{"line":37,"column":35},"end":{"line":41,"column":16}},"20":{"start":{"line":43,"column":8},"end":{"line":46,"column":9}},"21":{"start":{"line":44,"column":27},"end":{"line":44,"column":97}},"22":{"start":{"line":45,"column":12},"end":{"line":45,"column":164}},"23":{"start":{"line":47,"column":8},"end":{"line":47,"column":20}},"24":{"start":{"line":6,"column":0},"end":{"line":6,"column":13}}},"fnMap":{"0":{"name":"(anonymous_7)","decl":{"start":{"line":7,"column":10},"end":{"line":7,"column":15}},"loc":{"start":{"line":7,"column":34},"end":{"line":9,"column":null}}},"1":{"name":"(anonymous_9)","decl":{"start":{"line":11,"column":10},"end":{"line":11,"column":20}},"loc":{"start":{"line":11,"column":31},"end":{"line":18,"column":null}}},"2":{"name":"(anonymous_11)","decl":{"start":{"line":20,"column":10},"end":{"line":20,"column":20}},"loc":{"start":{"line":20,"column":48},"end":{"line":26,"column":null}}},"3":{"name":"(anonymous_13)","decl":{"start":{"line":22,"column":48},"end":{"line":22,"column":55}},"loc":{"start":{"line":22,"column":67},"end":{"line":25,"column":10}}},"4":{"name":"(anonymous_14)","decl":{"start":{"line":22,"column":67},"end":{"line":22,"column":null}},"loc":{"start":{"line":22,"column":67},"end":{"line":25,"column":9}}},"5":{"name":"(anonymous_15)","decl":{"start":{"line":28,"column":10},"end":{"line":28,"column":26}},"loc":{"start":{"line":28,"column":43},"end":{"line":34,"column":null}}},"6":{"name":"(anonymous_17)","decl":{"start":{"line":30,"column":48},"end":{"line":30,"column":55}},"loc":{"start":{"line":30,"column":67},"end":{"line":33,"column":10}}},"7":{"name":"(anonymous_18)","decl":{"start":{"line":30,"column":67},"end":{"line":30,"column":null}},"loc":{"start":{"line":30,"column":67},"end":{"line":33,"column":9}}},"8":{"name":"(anonymous_19)","decl":{"start":{"line":36,"column":10},"end":{"line":36,"column":19}},"loc":{"start":{"line":36,"column":74},"end":{"line":48,"column":null}}}},"branchMap":{"0":{"loc":{"start":{"line":13,"column":8},"end":{"line":16,"column":9}},"type":"if","locations":[{"start":{"line":13,"column":8},"end":{"line":16,"column":9}}]},"1":{"loc":{"start":{"line":15,"column":80},"end":{"line":15,"column":132}},"type":"cond-expr","locations":[{"start":{"line":15,"column":89},"end":{"line":15,"column":125}},{"start":{"line":15,"column":128},"end":{"line":15,"column":132}}]},"2":{"loc":{"start":{"line":24,"column":80},"end":{"line":24,"column":132}},"type":"cond-expr","locations":[{"start":{"line":24,"column":89},"end":{"line":24,"column":125}},{"start":{"line":24,"column":128},"end":{"line":24,"column":132}}]},"3":{"loc":{"start":{"line":32,"column":80},"end":{"line":32,"column":132}},"type":"cond-expr","locations":[{"start":{"line":32,"column":89},"end":{"line":32,"column":125}},{"start":{"line":32,"column":128},"end":{"line":32,"column":132}}]},"4":{"loc":{"start":{"line":43,"column":8},"end":{"line":46,"column":9}},"type":"if","locations":[{"start":{"line":43,"column":8},"end":{"line":46,"column":9}}]},"5":{"loc":{"start":{"line":45,"column":110},"end":{"line":45,"column":162}},"type":"cond-expr","locations":[{"start":{"line":45,"column":119},"end":{"line":45,"column":155}},{"start":{"line":45,"column":158},"end":{"line":45,"column":162}}]}},"s":{"0":1,"1":1,"2":1,"3":0,"4":0,"5":0,"6":0,"7":0,"8":0,"9":0,"10":0,"11":0,"12":0,"13":0,"14":0,"15":0,"16":0,"17":0,"18":0,"19":0,"20":0,"21":0,"22":0,"23":0,"24":1},"f":{"0":0,"1":0,"2":0,"3":0,"4":0,"5":0,"6":0,"7":0,"8":0},"b":{"0":[0],"1":[0,0],"2":[0,0],"3":[0,0],"4":[0],"5":[0,0]}}
,"/Users/joseamaro/Documents/Projeto/Nimage/src/interfaces/controllers/AtividadeController.ts": {"path":"/Users/joseamaro/Documents/Projeto/Nimage/src/interfaces/controllers/AtividadeController.ts","statementMap":{"0":{"start":{"line":4,"column":0},"end":{"line":4,"column":98}},"1":{"start":{"line":5,"column":0},"end":{"line":5,"column":94}},"2":{"start":{"line":6,"column":0},"end":{"line":6,"column":90}},"3":{"start":{"line":11,"column":16},"end":{"line":11,"column":46}},"4":{"start":{"line":12,"column":16},"end":{"line":12,"column":48}},"5":{"start":{"line":13,"column":16},"end":{"line":13,"column":54}},"6":{"start":{"line":17,"column":8},"end":{"line":56,"column":9}},"7":{"start":{"line":20,"column":12},"end":{"line":22,"column":13}},"8":{"start":{"line":21,"column":16},"end":{"line":21,"column":87}},"9":{"start":{"line":24,"column":59},"end":{"line":24,"column":67}},"10":{"start":{"line":27,"column":12},"end":{"line":37,"column":13}},"11":{"start":{"line":28,"column":16},"end":{"line":36,"column":19}},"12":{"start":{"line":41,"column":30},"end":{"line":46,"column":14}},"13":{"start":{"line":49,"column":12},"end":{"line":49,"column":51}},"14":{"start":{"line":52,"column":12},"end":{"line":55,"column":15}},"15":{"start":{"line":60,"column":8},"end":{"line":88,"column":9}},"16":{"start":{"line":61,"column":25},"end":{"line":61,"column":64}},"17":{"start":{"line":62,"column":26},"end":{"line":62,"column":67}},"18":{"start":{"line":63,"column":25},"end":{"line":63,"column":43}},"19":{"start":{"line":65,"column":31},"end":{"line":65,"column":79}},"20":{"start":{"line":69,"column":42},"end":{"line":79,"column":14}},"21":{"start":{"line":73,"column":57},"end":{"line":78,"column":18}},"22":{"start":{"line":81,"column":12},"end":{"line":81,"column":41}},"23":{"start":{"line":84,"column":12},"end":{"line":87,"column":15}},"24":{"start":{"line":92,"column":8},"end":{"line":108,"column":9}},"25":{"start":{"line":93,"column":27},"end":{"line":93,"column":37}},"26":{"start":{"line":94,"column":30},"end":{"line":94,"column":74}},"27":{"start":{"line":97,"column":12},"end":{"line":99,"column":13}},"28":{"start":{"line":98,"column":16},"end":{"line":98,"column":82}},"29":{"start":{"line":101,"column":12},"end":{"line":101,"column":51}},"30":{"start":{"line":104,"column":12},"end":{"line":107,"column":15}},"31":{"start":{"line":112,"column":8},"end":{"line":169,"column":9}},"32":{"start":{"line":113,"column":27},"end":{"line":113,"column":37}},"33":{"start":{"line":116,"column":30},"end":{"line":116,"column":74}},"34":{"start":{"line":117,"column":12},"end":{"line":120,"column":13}},"35":{"start":{"line":119,"column":16},"end":{"line":119,"column":82}},"36":{"start":{"line":122,"column":33},"end":{"line":122,"column":61}},"37":{"start":{"line":123,"column":29},"end":{"line":123,"column":80}},"38":{"start":{"line":124,"column":12},"end":{"line":127,"column":13}},"39":{"start":{"line":126,"column":16},"end":{"line":126,"column":81}},"40":{"start":{"line":129,"column":31},"end":{"line":129,"column":57}},"41":{"start":{"line":130,"column":27},"end":{"line":130,"column":74}},"42":{"start":{"line":131,"column":12},"end":{"line":134,"column":13}},"43":{"start":{"line":133,"column":16},"end":{"line":133,"column":79}},"44":{"start":{"line":136,"column":29},"end":{"line":136,"column":53}},"45":{"start":{"line":137,"column":26},"end":{"line":137,"column":66}},"46":{"start":{"line":141,"column":12},"end":{"line":162,"column":15}},"47":{"start":{"line":165,"column":12},"end":{"line":168,"column":15}},"48":{"start":{"line":173,"column":8},"end":{"line":200,"column":9}},"49":{"start":{"line":175,"column":27},"end":{"line":175,"column":37}},"50":{"start":{"line":176,"column":55},"end":{"line":176,"column":63}},"51":{"start":{"line":179,"column":12},"end":{"line":188,"column":13}},"52":{"start":{"line":180,"column":16},"end":{"line":187,"column":19}},"53":{"start":{"line":190,"column":40},"end":{"line":190,"column":134}},"54":{"start":{"line":193,"column":12},"end":{"line":193,"column":61}},"55":{"start":{"line":196,"column":12},"end":{"line":199,"column":15}},"56":{"start":{"line":9,"column":0},"end":{"line":9,"column":13}}},"fnMap":{"0":{"name":"(anonymous_7)","decl":{"start":{"line":10,"column":4},"end":{"line":10,"column":null}},"loc":{"start":{"line":13,"column":54},"end":{"line":14,"column":8}}},"1":{"name":"(anonymous_8)","decl":{"start":{"line":16,"column":10},"end":{"line":16,"column":15}},"loc":{"start":{"line":16,"column":43},"end":{"line":57,"column":null}}},"2":{"name":"(anonymous_10)","decl":{"start":{"line":59,"column":10},"end":{"line":59,"column":20}},"loc":{"start":{"line":59,"column":48},"end":{"line":89,"column":null}}},"3":{"name":"(anonymous_12)","decl":{"start":{"line":73,"column":43},"end":{"line":73,"column":52}},"loc":{"start":{"line":73,"column":57},"end":{"line":78,"column":18}}},"4":{"name":"(anonymous_13)","decl":{"start":{"line":91,"column":10},"end":{"line":91,"column":20}},"loc":{"start":{"line":91,"column":48},"end":{"line":109,"column":null}}},"5":{"name":"(anonymous_15)","decl":{"start":{"line":111,"column":10},"end":{"line":111,"column":23}},"loc":{"start":{"line":111,"column":51},"end":{"line":170,"column":null}}},"6":{"name":"(anonymous_17)","decl":{"start":{"line":172,"column":10},"end":{"line":172,"column":19}},"loc":{"start":{"line":172,"column":47},"end":{"line":201,"column":null}}}},"branchMap":{"0":{"loc":{"start":{"line":20,"column":12},"end":{"line":22,"column":13}},"type":"if","locations":[{"start":{"line":20,"column":12},"end":{"line":22,"column":13}}]},"1":{"loc":{"start":{"line":27,"column":12},"end":{"line":37,"column":13}},"type":"if","locations":[{"start":{"line":27,"column":12},"end":{"line":37,"column":13}}]},"2":{"loc":{"start":{"line":27,"column":16},"end":{"line":27,"column":73}},"type":"binary-expr","locations":[{"start":{"line":27,"column":16},"end":{"line":27,"column":19}},{"start":{"line":27,"column":23},"end":{"line":27,"column":34}},{"start":{"line":27,"column":38},"end":{"line":27,"column":43}},{"start":{"line":27,"column":47},"end":{"line":27,"column":73}}]},"3":{"loc":{"start":{"line":31,"column":28},"end":{"line":31,"column":55}},"type":"cond-expr","locations":[{"start":{"line":31,"column":33},"end":{"line":31,"column":43}},{"start":{"line":31,"column":46},"end":{"line":31,"column":55}}]},"4":{"loc":{"start":{"line":32,"column":36},"end":{"line":32,"column":71}},"type":"cond-expr","locations":[{"start":{"line":32,"column":49},"end":{"line":32,"column":59}},{"start":{"line":32,"column":62},"end":{"line":32,"column":71}}]},"5":{"loc":{"start":{"line":33,"column":30},"end":{"line":33,"column":59}},"type":"cond-expr","locations":[{"start":{"line":33,"column":37},"end":{"line":33,"column":47}},{"start":{"line":33,"column":50},"end":{"line":33,"column":59}}]},"6":{"loc":{"start":{"line":34,"column":38},"end":{"line":34,"column":89}},"type":"cond-expr","locations":[{"start":{"line":34,"column":67},"end":{"line":34,"column":77}},{"start":{"line":34,"column":80},"end":{"line":34,"column":89}}]},"7":{"loc":{"start":{"line":61,"column":25},"end":{"line":61,"column":64}},"type":"binary-expr","locations":[{"start":{"line":61,"column":25},"end":{"line":61,"column":59}},{"start":{"line":61,"column":63},"end":{"line":61,"column":64}}]},"8":{"loc":{"start":{"line":62,"column":26},"end":{"line":62,"column":67}},"type":"binary-expr","locations":[{"start":{"line":62,"column":26},"end":{"line":62,"column":61}},{"start":{"line":62,"column":65},"end":{"line":62,"column":67}}]},"9":{"loc":{"start":{"line":97,"column":12},"end":{"line":99,"column":13}},"type":"if","locations":[{"start":{"line":97,"column":12},"end":{"line":99,"column":13}}]},"10":{"loc":{"start":{"line":117,"column":12},"end":{"line":120,"column":13}},"type":"if","locations":[{"start":{"line":117,"column":12},"end":{"line":120,"column":13}}]},"11":{"loc":{"start":{"line":124,"column":12},"end":{"line":127,"column":13}},"type":"if","locations":[{"start":{"line":124,"column":12},"end":{"line":127,"column":13}}]},"12":{"loc":{"start":{"line":131,"column":12},"end":{"line":134,"column":13}},"type":"if","locations":[{"start":{"line":131,"column":12},"end":{"line":134,"column":13}}]},"13":{"loc":{"start":{"line":157,"column":23},"end":{"line":161,"column":24}},"type":"cond-expr","locations":[{"start":{"line":157,"column":31},"end":{"line":161,"column":18}},{"start":{"line":161,"column":20},"end":{"line":161,"column":24}}]},"14":{"loc":{"start":{"line":179,"column":12},"end":{"line":188,"column":13}},"type":"if","locations":[{"start":{"line":179,"column":12},"end":{"line":188,"column":13}}]},"15":{"loc":{"start":{"line":179,"column":16},"end":{"line":179,"column":66}},"type":"binary-expr","locations":[{"start":{"line":179,"column":16},"end":{"line":179,"column":27}},{"start":{"line":179,"column":31},"end":{"line":179,"column":36}},{"start":{"line":179,"column":40},"end":{"line":179,"column":66}}]},"16":{"loc":{"start":{"line":183,"column":36},"end":{"line":183,"column":71}},"type":"cond-expr","locations":[{"start":{"line":183,"column":49},"end":{"line":183,"column":59}},{"start":{"line":183,"column":62},"end":{"line":183,"column":71}}]},"17":{"loc":{"start":{"line":184,"column":30},"end":{"line":184,"column":59}},"type":"cond-expr","locations":[{"start":{"line":184,"column":37},"end":{"line":184,"column":47}},{"start":{"line":184,"column":50},"end":{"line":184,"column":59}}]},"18":{"loc":{"start":{"line":185,"column":38},"end":{"line":185,"column":89}},"type":"cond-expr","locations":[{"start":{"line":185,"column":67},"end":{"line":185,"column":77}},{"start":{"line":185,"column":80},"end":{"line":185,"column":89}}]}},"s":{"0":1,"1":1,"2":1,"3":1,"4":1,"5":1,"6":1,"7":1,"8":0,"9":1,"10":1,"11":0,"12":1,"13":1,"14":0,"15":0,"16":0,"17":0,"18":0,"19":0,"20":0,"21":0,"22":0,"23":0,"24":0,"25":0,"26":0,"27":0,"28":0,"29":0,"30":0,"31":0,"32":0,"33":0,"34":0,"35":0,"36":0,"37":0,"38":0,"39":0,"40":0,"41":0,"42":0,"43":0,"44":0,"45":0,"46":0,"47":0,"48":0,"49":0,"50":0,"51":0,"52":0,"53":0,"54":0,"55":0,"56":1},"f":{"0":1,"1":1,"2":0,"3":0,"4":0,"5":0,"6":0},"b":{"0":[0],"1":[0],"2":[1,1,1,1],"3":[0,0],"4":[0,0],"5":[0,0],"6":[0,0],"7":[0,0],"8":[0,0],"9":[0],"10":[0],"11":[0],"12":[0],"13":[0,0],"14":[0],"15":[0,0,0],"16":[0,0],"17":[0,0],"18":[0,0]}}
,"/Users/joseamaro/Documents/Projeto/Nimage/src/interfaces/controllers/EquipeController.ts": {"path":"/Users/joseamaro/Documents/Projeto/Nimage/src/interfaces/controllers/EquipeController.ts","statementMap":{"0":{"start":{"line":10,"column":16},"end":{"line":10,"column":40}},"1":{"start":{"line":11,"column":16},"end":{"line":11,"column":40}},"2":{"start":{"line":12,"column":16},"end":{"line":12,"column":58}},"3":{"start":{"line":13,"column":16},"end":{"line":13,"column":52}},"4":{"start":{"line":14,"column":16},"end":{"line":14,"column":48}},"5":{"start":{"line":18,"column":8},"end":{"line":50,"column":9}},"6":{"start":{"line":21,"column":12},"end":{"line":23,"column":13}},"7":{"start":{"line":22,"column":16},"end":{"line":22,"column":87}},"8":{"start":{"line":25,"column":33},"end":{"line":25,"column":41}},"9":{"start":{"line":28,"column":12},"end":{"line":36,"column":13}},"10":{"start":{"line":29,"column":16},"end":{"line":35,"column":19}},"11":{"start":{"line":40,"column":27},"end":{"line":40,"column":72}},"12":{"start":{"line":43,"column":12},"end":{"line":43,"column":48}},"13":{"start":{"line":46,"column":12},"end":{"line":49,"column":15}},"14":{"start":{"line":54,"column":8},"end":{"line":80,"column":9}},"15":{"start":{"line":55,"column":25},"end":{"line":55,"column":64}},"16":{"start":{"line":56,"column":26},"end":{"line":56,"column":67}},"17":{"start":{"line":57,"column":25},"end":{"line":57,"column":43}},"18":{"start":{"line":59,"column":28},"end":{"line":59,"column":72}},"19":{"start":{"line":63,"column":42},"end":{"line":71,"column":14}},"20":{"start":{"line":67,"column":48},"end":{"line":70,"column":18}},"21":{"start":{"line":73,"column":12},"end":{"line":73,"column":41}},"22":{"start":{"line":76,"column":12},"end":{"line":79,"column":15}},"23":{"start":{"line":84,"column":8},"end":{"line":100,"column":9}},"24":{"start":{"line":85,"column":27},"end":{"line":85,"column":37}},"25":{"start":{"line":86,"column":27},"end":{"line":86,"column":67}},"26":{"start":{"line":89,"column":12},"end":{"line":91,"column":13}},"27":{"start":{"line":90,"column":16},"end":{"line":90,"column":79}},"28":{"start":{"line":93,"column":12},"end":{"line":93,"column":48}},"29":{"start":{"line":96,"column":12},"end":{"line":99,"column":15}},"30":{"start":{"line":104,"column":8},"end":{"line":121,"column":9}},"31":{"start":{"line":106,"column":33},"end":{"line":106,"column":43}},"32":{"start":{"line":108,"column":35},"end":{"line":108,"column":85}},"33":{"start":{"line":111,"column":12},"end":{"line":114,"column":15}},"34":{"start":{"line":117,"column":12},"end":{"line":120,"column":15}},"35":{"start":{"line":125,"column":8},"end":{"line":142,"column":9}},"36":{"start":{"line":126,"column":33},"end":{"line":126,"column":43}},"37":{"start":{"line":129,"column":30},"end":{"line":129,"column":81}},"38":{"start":{"line":132,"column":12},"end":{"line":135,"column":15}},"39":{"start":{"line":138,"column":12},"end":{"line":141,"column":15}},"40":{"start":{"line":146,"column":8},"end":{"line":171,"column":9}},"41":{"start":{"line":148,"column":27},"end":{"line":148,"column":37}},"42":{"start":{"line":149,"column":29},"end":{"line":149,"column":37}},"43":{"start":{"line":152,"column":12},"end":{"line":159,"column":13}},"44":{"start":{"line":153,"column":16},"end":{"line":158,"column":19}},"45":{"start":{"line":161,"column":37},"end":{"line":161,"column":86}},"46":{"start":{"line":164,"column":12},"end":{"line":164,"column":58}},"47":{"start":{"line":167,"column":12},"end":{"line":170,"column":15}},"48":{"start":{"line":8,"column":0},"end":{"line":8,"column":13}}},"fnMap":{"0":{"name":"(anonymous_7)","decl":{"start":{"line":9,"column":4},"end":{"line":9,"column":null}},"loc":{"start":{"line":14,"column":48},"end":{"line":15,"column":8}}},"1":{"name":"(anonymous_8)","decl":{"start":{"line":17,"column":10},"end":{"line":17,"column":15}},"loc":{"start":{"line":17,"column":43},"end":{"line":51,"column":null}}},"2":{"name":"(anonymous_10)","decl":{"start":{"line":53,"column":10},"end":{"line":53,"column":20}},"loc":{"start":{"line":53,"column":48},"end":{"line":81,"column":null}}},"3":{"name":"(anonymous_12)","decl":{"start":{"line":67,"column":37},"end":{"line":67,"column":43}},"loc":{"start":{"line":67,"column":48},"end":{"line":70,"column":18}}},"4":{"name":"(anonymous_13)","decl":{"start":{"line":83,"column":10},"end":{"line":83,"column":20}},"loc":{"start":{"line":83,"column":48},"end":{"line":101,"column":null}}},"5":{"name":"(anonymous_15)","decl":{"start":{"line":103,"column":10},"end":{"line":103,"column":24}},"loc":{"start":{"line":103,"column":52},"end":{"line":122,"column":null}}},"6":{"name":"(anonymous_17)","decl":{"start":{"line":124,"column":10},"end":{"line":124,"column":22}},"loc":{"start":{"line":124,"column":50},"end":{"line":143,"column":null}}},"7":{"name":"(anonymous_19)","decl":{"start":{"line":145,"column":10},"end":{"line":145,"column":19}},"loc":{"start":{"line":145,"column":47},"end":{"line":172,"column":null}}}},"branchMap":{"0":{"loc":{"start":{"line":21,"column":12},"end":{"line":23,"column":13}},"type":"if","locations":[{"start":{"line":21,"column":12},"end":{"line":23,"column":13}}]},"1":{"loc":{"start":{"line":28,"column":12},"end":{"line":36,"column":13}},"type":"if","locations":[{"start":{"line":28,"column":12},"end":{"line":36,"column":13}}]},"2":{"loc":{"start":{"line":28,"column":16},"end":{"line":28,"column":28}},"type":"binary-expr","locations":[{"start":{"line":28,"column":16},"end":{"line":28,"column":19}},{"start":{"line":28,"column":23},"end":{"line":28,"column":28}}]},"3":{"loc":{"start":{"line":32,"column":28},"end":{"line":32,"column":55}},"type":"cond-expr","locations":[{"start":{"line":32,"column":33},"end":{"line":32,"column":43}},{"start":{"line":32,"column":46},"end":{"line":32,"column":55}}]},"4":{"loc":{"start":{"line":33,"column":30},"end":{"line":33,"column":59}},"type":"cond-expr","locations":[{"start":{"line":33,"column":37},"end":{"line":33,"column":47}},{"start":{"line":33,"column":50},"end":{"line":33,"column":59}}]},"5":{"loc":{"start":{"line":55,"column":25},"end":{"line":55,"column":64}},"type":"binary-expr","locations":[{"start":{"line":55,"column":25},"end":{"line":55,"column":59}},{"start":{"line":55,"column":63},"end":{"line":55,"column":64}}]},"6":{"loc":{"start":{"line":56,"column":26},"end":{"line":56,"column":67}},"type":"binary-expr","locations":[{"start":{"line":56,"column":26},"end":{"line":56,"column":61}},{"start":{"line":56,"column":65},"end":{"line":56,"column":67}}]},"7":{"loc":{"start":{"line":89,"column":12},"end":{"line":91,"column":13}},"type":"if","locations":[{"start":{"line":89,"column":12},"end":{"line":91,"column":13}}]},"8":{"loc":{"start":{"line":152,"column":12},"end":{"line":159,"column":13}},"type":"if","locations":[{"start":{"line":152,"column":12},"end":{"line":159,"column":13}}]},"9":{"loc":{"start":{"line":156,"column":30},"end":{"line":156,"column":59}},"type":"cond-expr","locations":[{"start":{"line":156,"column":37},"end":{"line":156,"column":47}},{"start":{"line":156,"column":50},"end":{"line":156,"column":59}}]}},"s":{"0":1,"1":1,"2":1,"3":1,"4":1,"5":1,"6":1,"7":0,"8":1,"9":1,"10":0,"11":1,"12":1,"13":0,"14":0,"15":0,"16":0,"17":0,"18":0,"19":0,"20":0,"21":0,"22":0,"23":0,"24":0,"25":0,"26":0,"27":0,"28":0,"29":0,"30":0,"31":0,"32":0,"33":0,"34":0,"35":0,"36":0,"37":0,"38":0,"39":0,"40":0,"41":0,"42":0,"43":0,"44":0,"45":0,"46":0,"47":0,"48":1},"f":{"0":1,"1":1,"2":0,"3":0,"4":0,"5":0,"6":0,"7":0},"b":{"0":[0],"1":[0],"2":[1,1],"3":[0,0],"4":[0,0],"5":[0,0],"6":[0,0],"7":[0],"8":[0],"9":[0,0]}}
,"/Users/joseamaro/Documents/Projeto/Nimage/src/interfaces/controllers/MetaController.ts": {"path":"/Users/joseamaro/Documents/Projeto/Nimage/src/interfaces/controllers/MetaController.ts","statementMap":{"0":{"start":{"line":7,"column":24},"end":{"line":7,"column":44}},"1":{"start":{"line":7,"column":54},"end":{"line":7,"column":74}},"2":{"start":{"line":7,"column":84},"end":{"line":7,"column":112}},"3":{"start":{"line":10,"column":8},"end":{"line":43,"column":9}},"4":{"start":{"line":13,"column":12},"end":{"line":15,"column":13}},"5":{"start":{"line":14,"column":16},"end":{"line":14,"column":87}},"6":{"start":{"line":17,"column":47},"end":{"line":17,"column":55}},"7":{"start":{"line":20,"column":12},"end":{"line":29,"column":13}},"8":{"start":{"line":21,"column":16},"end":{"line":28,"column":19}},"9":{"start":{"line":33,"column":25},"end":{"line":33,"column":82}},"10":{"start":{"line":36,"column":12},"end":{"line":36,"column":46}},"11":{"start":{"line":39,"column":12},"end":{"line":42,"column":15}},"12":{"start":{"line":47,"column":8},"end":{"line":75,"column":9}},"13":{"start":{"line":48,"column":25},"end":{"line":48,"column":64}},"14":{"start":{"line":49,"column":26},"end":{"line":49,"column":67}},"15":{"start":{"line":50,"column":25},"end":{"line":50,"column":43}},"16":{"start":{"line":52,"column":26},"end":{"line":52,"column":68}},"17":{"start":{"line":56,"column":42},"end":{"line":66,"column":14}},"18":{"start":{"line":61,"column":42},"end":{"line":65,"column":18}},"19":{"start":{"line":68,"column":12},"end":{"line":68,"column":41}},"20":{"start":{"line":71,"column":12},"end":{"line":74,"column":15}},"21":{"start":{"line":79,"column":8},"end":{"line":95,"column":9}},"22":{"start":{"line":80,"column":27},"end":{"line":80,"column":37}},"23":{"start":{"line":81,"column":25},"end":{"line":81,"column":63}},"24":{"start":{"line":84,"column":12},"end":{"line":86,"column":13}},"25":{"start":{"line":85,"column":16},"end":{"line":85,"column":77}},"26":{"start":{"line":88,"column":12},"end":{"line":88,"column":46}},"27":{"start":{"line":91,"column":12},"end":{"line":94,"column":15}},"28":{"start":{"line":99,"column":8},"end":{"line":127,"column":9}},"29":{"start":{"line":101,"column":33},"end":{"line":101,"column":43}},"30":{"start":{"line":104,"column":25},"end":{"line":104,"column":73}},"31":{"start":{"line":107,"column":12},"end":{"line":110,"column":13}},"32":{"start":{"line":109,"column":16},"end":{"line":109,"column":94}},"33":{"start":{"line":113,"column":12},"end":{"line":120,"column":15}},"34":{"start":{"line":123,"column":12},"end":{"line":126,"column":15}},"35":{"start":{"line":131,"column":8},"end":{"line":157,"column":9}},"36":{"start":{"line":133,"column":27},"end":{"line":133,"column":37}},"37":{"start":{"line":134,"column":43},"end":{"line":134,"column":51}},"38":{"start":{"line":137,"column":12},"end":{"line":145,"column":13}},"39":{"start":{"line":138,"column":16},"end":{"line":144,"column":19}},"40":{"start":{"line":147,"column":35},"end":{"line":147,"column":96}},"41":{"start":{"line":150,"column":12},"end":{"line":150,"column":56}},"42":{"start":{"line":153,"column":12},"end":{"line":156,"column":15}},"43":{"start":{"line":6,"column":0},"end":{"line":6,"column":13}}},"fnMap":{"0":{"name":"(anonymous_7)","decl":{"start":{"line":7,"column":4},"end":{"line":7,"column":24}},"loc":{"start":{"line":7,"column":112},"end":{"line":7,"column":116}}},"1":{"name":"(anonymous_8)","decl":{"start":{"line":9,"column":10},"end":{"line":9,"column":15}},"loc":{"start":{"line":9,"column":43},"end":{"line":44,"column":null}}},"2":{"name":"(anonymous_10)","decl":{"start":{"line":46,"column":10},"end":{"line":46,"column":20}},"loc":{"start":{"line":46,"column":48},"end":{"line":76,"column":null}}},"3":{"name":"(anonymous_12)","decl":{"start":{"line":61,"column":33},"end":{"line":61,"column":37}},"loc":{"start":{"line":61,"column":42},"end":{"line":65,"column":18}}},"4":{"name":"(anonymous_13)","decl":{"start":{"line":78,"column":10},"end":{"line":78,"column":20}},"loc":{"start":{"line":78,"column":48},"end":{"line":96,"column":null}}},"5":{"name":"(anonymous_15)","decl":{"start":{"line":98,"column":10},"end":{"line":98,"column":24}},"loc":{"start":{"line":98,"column":52},"end":{"line":128,"column":null}}},"6":{"name":"(anonymous_17)","decl":{"start":{"line":130,"column":10},"end":{"line":130,"column":19}},"loc":{"start":{"line":130,"column":47},"end":{"line":158,"column":null}}}},"branchMap":{"0":{"loc":{"start":{"line":13,"column":12},"end":{"line":15,"column":13}},"type":"if","locations":[{"start":{"line":13,"column":12},"end":{"line":15,"column":13}}]},"1":{"loc":{"start":{"line":20,"column":12},"end":{"line":29,"column":13}},"type":"if","locations":[{"start":{"line":20,"column":12},"end":{"line":29,"column":13}}]},"2":{"loc":{"start":{"line":20,"column":16},"end":{"line":20,"column":58}},"type":"binary-expr","locations":[{"start":{"line":20,"column":16},"end":{"line":20,"column":19}},{"start":{"line":20,"column":23},"end":{"line":20,"column":32}},{"start":{"line":20,"column":36},"end":{"line":20,"column":58}}]},"3":{"loc":{"start":{"line":24,"column":28},"end":{"line":24,"column":55}},"type":"cond-expr","locations":[{"start":{"line":24,"column":33},"end":{"line":24,"column":43}},{"start":{"line":24,"column":46},"end":{"line":24,"column":55}}]},"4":{"loc":{"start":{"line":25,"column":34},"end":{"line":25,"column":67}},"type":"cond-expr","locations":[{"start":{"line":25,"column":45},"end":{"line":25,"column":55}},{"start":{"line":25,"column":58},"end":{"line":25,"column":67}}]},"5":{"loc":{"start":{"line":26,"column":34},"end":{"line":26,"column":81}},"type":"cond-expr","locations":[{"start":{"line":26,"column":59},"end":{"line":26,"column":69}},{"start":{"line":26,"column":72},"end":{"line":26,"column":81}}]},"6":{"loc":{"start":{"line":48,"column":25},"end":{"line":48,"column":64}},"type":"binary-expr","locations":[{"start":{"line":48,"column":25},"end":{"line":48,"column":59}},{"start":{"line":48,"column":63},"end":{"line":48,"column":64}}]},"7":{"loc":{"start":{"line":49,"column":26},"end":{"line":49,"column":67}},"type":"binary-expr","locations":[{"start":{"line":49,"column":26},"end":{"line":49,"column":61}},{"start":{"line":49,"column":65},"end":{"line":49,"column":67}}]},"8":{"loc":{"start":{"line":84,"column":12},"end":{"line":86,"column":13}},"type":"if","locations":[{"start":{"line":84,"column":12},"end":{"line":86,"column":13}}]},"9":{"loc":{"start":{"line":107,"column":12},"end":{"line":110,"column":13}},"type":"if","locations":[{"start":{"line":107,"column":12},"end":{"line":110,"column":13}}]},"10":{"loc":{"start":{"line":137,"column":12},"end":{"line":145,"column":13}},"type":"if","locations":[{"start":{"line":137,"column":12},"end":{"line":145,"column":13}}]},"11":{"loc":{"start":{"line":137,"column":16},"end":{"line":137,"column":51}},"type":"binary-expr","locations":[{"start":{"line":137,"column":16},"end":{"line":137,"column":25}},{"start":{"line":137,"column":29},"end":{"line":137,"column":51}}]},"12":{"loc":{"start":{"line":141,"column":34},"end":{"line":141,"column":67}},"type":"cond-expr","locations":[{"start":{"line":141,"column":45},"end":{"line":141,"column":55}},{"start":{"line":141,"column":58},"end":{"line":141,"column":67}}]},"13":{"loc":{"start":{"line":142,"column":34},"end":{"line":142,"column":81}},"type":"cond-expr","locations":[{"start":{"line":142,"column":59},"end":{"line":142,"column":69}},{"start":{"line":142,"column":72},"end":{"line":142,"column":81}}]}},"s":{"0":1,"1":1,"2":1,"3":1,"4":1,"5":0,"6":1,"7":1,"8":0,"9":1,"10":1,"11":0,"12":0,"13":0,"14":0,"15":0,"16":0,"17":0,"18":0,"19":0,"20":0,"21":0,"22":0,"23":0,"24":0,"25":0,"26":0,"27":0,"28":0,"29":0,"30":0,"31":0,"32":0,"33":0,"34":0,"35":0,"36":0,"37":0,"38":0,"39":0,"40":0,"41":0,"42":0,"43":1},"f":{"0":1,"1":1,"2":0,"3":0,"4":0,"5":0,"6":0},"b":{"0":[0],"1":[0],"2":[1,1,1],"3":[0,0],"4":[0,0],"5":[0,0],"6":[0,0],"7":[0,0],"8":[0],"9":[0],"10":[0],"11":[0,0],"12":[0,0],"13":[0,0]}}
,"/Users/joseamaro/Documents/Projeto/Nimage/src/interfaces/controllers/VendedorController.ts": {"path":"/Users/joseamaro/Documents/Projeto/Nimage/src/interfaces/controllers/VendedorController.ts","statementMap":{"0":{"start":{"line":8,"column":16},"end":{"line":8,"column":44}},"1":{"start":{"line":9,"column":16},"end":{"line":9,"column":44}},"2":{"start":{"line":10,"column":16},"end":{"line":10,"column":52}},"3":{"start":{"line":14,"column":8},"end":{"line":48,"column":9}},"4":{"start":{"line":18,"column":12},"end":{"line":20,"column":13}},"5":{"start":{"line":19,"column":16},"end":{"line":19,"column":87}},"6":{"start":{"line":22,"column":44},"end":{"line":22,"column":52}},"7":{"start":{"line":25,"column":12},"end":{"line":34,"column":13}},"8":{"start":{"line":26,"column":16},"end":{"line":33,"column":19}},"9":{"start":{"line":38,"column":29},"end":{"line":38,"column":87}},"10":{"start":{"line":41,"column":12},"end":{"line":41,"column":50}},"11":{"start":{"line":44,"column":12},"end":{"line":47,"column":15}},"12":{"start":{"line":52,"column":8},"end":{"line":80,"column":9}},"13":{"start":{"line":53,"column":25},"end":{"line":53,"column":64}},"14":{"start":{"line":54,"column":26},"end":{"line":54,"column":67}},"15":{"start":{"line":55,"column":25},"end":{"line":55,"column":43}},"16":{"start":{"line":57,"column":31},"end":{"line":57,"column":77}},"17":{"start":{"line":61,"column":42},"end":{"line":71,"column":14}},"18":{"start":{"line":65,"column":56},"end":{"line":70,"column":18}},"19":{"start":{"line":73,"column":12},"end":{"line":73,"column":41}},"20":{"start":{"line":76,"column":12},"end":{"line":79,"column":15}},"21":{"start":{"line":84,"column":8},"end":{"line":105,"column":9}},"22":{"start":{"line":85,"column":27},"end":{"line":85,"column":37}},"23":{"start":{"line":86,"column":29},"end":{"line":86,"column":71}},"24":{"start":{"line":89,"column":12},"end":{"line":91,"column":13}},"25":{"start":{"line":90,"column":16},"end":{"line":90,"column":81}},"26":{"start":{"line":93,"column":12},"end":{"line":98,"column":15}},"27":{"start":{"line":101,"column":12},"end":{"line":104,"column":15}},"28":{"start":{"line":109,"column":8},"end":{"line":135,"column":9}},"29":{"start":{"line":111,"column":27},"end":{"line":111,"column":37}},"30":{"start":{"line":112,"column":40},"end":{"line":112,"column":48}},"31":{"start":{"line":115,"column":12},"end":{"line":123,"column":13}},"32":{"start":{"line":116,"column":16},"end":{"line":122,"column":19}},"33":{"start":{"line":125,"column":39},"end":{"line":125,"column":101}},"34":{"start":{"line":128,"column":12},"end":{"line":128,"column":60}},"35":{"start":{"line":131,"column":12},"end":{"line":134,"column":15}},"36":{"start":{"line":6,"column":0},"end":{"line":6,"column":13}}},"fnMap":{"0":{"name":"(anonymous_7)","decl":{"start":{"line":7,"column":4},"end":{"line":7,"column":null}},"loc":{"start":{"line":10,"column":52},"end":{"line":11,"column":8}}},"1":{"name":"(anonymous_8)","decl":{"start":{"line":13,"column":10},"end":{"line":13,"column":15}},"loc":{"start":{"line":13,"column":43},"end":{"line":49,"column":null}}},"2":{"name":"(anonymous_10)","decl":{"start":{"line":51,"column":10},"end":{"line":51,"column":20}},"loc":{"start":{"line":51,"column":48},"end":{"line":81,"column":null}}},"3":{"name":"(anonymous_12)","decl":{"start":{"line":65,"column":43},"end":{"line":65,"column":51}},"loc":{"start":{"line":65,"column":56},"end":{"line":70,"column":18}}},"4":{"name":"(anonymous_13)","decl":{"start":{"line":83,"column":10},"end":{"line":83,"column":20}},"loc":{"start":{"line":83,"column":48},"end":{"line":106,"column":null}}},"5":{"name":"(anonymous_15)","decl":{"start":{"line":108,"column":10},"end":{"line":108,"column":19}},"loc":{"start":{"line":108,"column":47},"end":{"line":136,"column":null}}}},"branchMap":{"0":{"loc":{"start":{"line":18,"column":12},"end":{"line":20,"column":13}},"type":"if","locations":[{"start":{"line":18,"column":12},"end":{"line":20,"column":13}}]},"1":{"loc":{"start":{"line":25,"column":12},"end":{"line":34,"column":13}},"type":"if","locations":[{"start":{"line":25,"column":12},"end":{"line":34,"column":13}}]},"2":{"loc":{"start":{"line":25,"column":16},"end":{"line":25,"column":42}},"type":"binary-expr","locations":[{"start":{"line":25,"column":16},"end":{"line":25,"column":19}},{"start":{"line":25,"column":23},"end":{"line":25,"column":28}},{"start":{"line":25,"column":32},"end":{"line":25,"column":42}}]},"3":{"loc":{"start":{"line":29,"column":28},"end":{"line":29,"column":55}},"type":"cond-expr","locations":[{"start":{"line":29,"column":33},"end":{"line":29,"column":43}},{"start":{"line":29,"column":46},"end":{"line":29,"column":55}}]},"4":{"loc":{"start":{"line":30,"column":30},"end":{"line":30,"column":59}},"type":"cond-expr","locations":[{"start":{"line":30,"column":37},"end":{"line":30,"column":47}},{"start":{"line":30,"column":50},"end":{"line":30,"column":59}}]},"5":{"loc":{"start":{"line":31,"column":35},"end":{"line":31,"column":69}},"type":"cond-expr","locations":[{"start":{"line":31,"column":47},"end":{"line":31,"column":57}},{"start":{"line":31,"column":60},"end":{"line":31,"column":69}}]},"6":{"loc":{"start":{"line":53,"column":25},"end":{"line":53,"column":64}},"type":"binary-expr","locations":[{"start":{"line":53,"column":25},"end":{"line":53,"column":59}},{"start":{"line":53,"column":63},"end":{"line":53,"column":64}}]},"7":{"loc":{"start":{"line":54,"column":26},"end":{"line":54,"column":67}},"type":"binary-expr","locations":[{"start":{"line":54,"column":26},"end":{"line":54,"column":61}},{"start":{"line":54,"column":65},"end":{"line":54,"column":67}}]},"8":{"loc":{"start":{"line":89,"column":12},"end":{"line":91,"column":13}},"type":"if","locations":[{"start":{"line":89,"column":12},"end":{"line":91,"column":13}}]},"9":{"loc":{"start":{"line":115,"column":12},"end":{"line":123,"column":13}},"type":"if","locations":[{"start":{"line":115,"column":12},"end":{"line":123,"column":13}}]},"10":{"loc":{"start":{"line":115,"column":16},"end":{"line":115,"column":35}},"type":"binary-expr","locations":[{"start":{"line":115,"column":16},"end":{"line":115,"column":21}},{"start":{"line":115,"column":25},"end":{"line":115,"column":35}}]},"11":{"loc":{"start":{"line":119,"column":30},"end":{"line":119,"column":59}},"type":"cond-expr","locations":[{"start":{"line":119,"column":37},"end":{"line":119,"column":47}},{"start":{"line":119,"column":50},"end":{"line":119,"column":59}}]},"12":{"loc":{"start":{"line":120,"column":35},"end":{"line":120,"column":69}},"type":"cond-expr","locations":[{"start":{"line":120,"column":47},"end":{"line":120,"column":57}},{"start":{"line":120,"column":60},"end":{"line":120,"column":69}}]}},"s":{"0":1,"1":1,"2":1,"3":1,"4":1,"5":0,"6":1,"7":1,"8":0,"9":1,"10":1,"11":0,"12":0,"13":0,"14":0,"15":0,"16":0,"17":0,"18":0,"19":0,"20":0,"21":0,"22":0,"23":0,"24":0,"25":0,"26":0,"27":0,"28":0,"29":0,"30":0,"31":0,"32":0,"33":0,"34":0,"35":0,"36":1},"f":{"0":1,"1":1,"2":0,"3":0,"4":0,"5":0},"b":{"0":[0],"1":[0],"2":[1,1,1],"3":[0,0],"4":[0,0],"5":[0,0],"6":[0,0],"7":[0,0],"8":[0],"9":[0],"10":[0,0],"11":[0,0],"12":[0,0]}}
}
