TN:
SF:src/application/services/EquipeMetaService.ts
FN:4,(anonymous_7)
FN:6,(anonymous_8)
FN:9,(anonymous_10)
FN:10,(anonymous_11)
FN:13,(anonymous_12)
FN:23,(anonymous_13)
FN:34,(anonymous_14)
FNF:7
FNH:1
FNDA:1,(anonymous_7)
FNDA:0,(anonymous_8)
FNDA:0,(anonymous_10)
FNDA:0,(anonymous_11)
FNDA:0,(anonymous_12)
FNDA:0,(anonymous_13)
FNDA:0,(anonymous_14)
DA:3,1
DA:4,1
DA:7,0
DA:9,0
DA:10,0
DA:13,0
DA:14,0
DA:15,0
DA:16,0
DA:18,0
DA:19,0
DA:23,0
DA:25,0
DA:34,0
DA:36,0
LF:15
LH:2
BRDA:15,0,0,0
BRF:1
BRH:0
end_of_record
TN:
SF:src/application/use-cases/AtualizarAtividade.ts
FN:5,(anonymous_7)
FN:7,(anonymous_8)
FNF:2
FNH:1
FNDA:1,(anonymous_7)
FNDA:0,(anonymous_8)
DA:4,1
DA:5,1
DA:10,0
DA:11,0
DA:14,0
DA:17,0
LF:6
LH:2
BRDA:10,0,0,0
BRDA:10,1,0,0
BRDA:10,1,1,0
BRDA:10,1,2,0
BRF:4
BRH:0
end_of_record
TN:
SF:src/application/use-cases/AtualizarEquipe.ts
FN:5,(anonymous_7)
FN:7,(anonymous_8)
FNF:2
FNH:1
FNDA:1,(anonymous_7)
FNDA:0,(anonymous_8)
DA:4,1
DA:5,1
DA:10,0
DA:11,0
DA:14,0
DA:17,0
LF:6
LH:2
BRDA:10,0,0,0
BRF:1
BRH:0
end_of_record
TN:
SF:src/application/use-cases/AtualizarMeta.ts
FN:5,(anonymous_7)
FN:7,(anonymous_8)
FNF:2
FNH:1
FNDA:1,(anonymous_7)
FNDA:0,(anonymous_8)
DA:4,1
DA:5,1
DA:10,0
DA:11,0
DA:14,0
DA:17,0
LF:6
LH:2
BRDA:10,0,0,0
BRDA:10,1,0,0
BRDA:10,1,1,0
BRF:3
BRH:0
end_of_record
TN:
SF:src/application/use-cases/AtualizarVendedor.ts
FN:5,(anonymous_7)
FN:7,(anonymous_8)
FNF:2
FNH:1
FNDA:1,(anonymous_7)
FNDA:0,(anonymous_8)
DA:4,1
DA:5,1
DA:10,0
DA:11,0
DA:14,0
DA:17,0
LF:6
LH:2
BRDA:10,0,0,0
BRDA:10,1,0,0
BRDA:10,1,1,0
BRF:3
BRH:0
end_of_record
TN:
SF:src/application/use-cases/CriarAtividade.ts
FN:5,(anonymous_7)
FN:7,(anonymous_8)
FNF:2
FNH:2
FNDA:1,(anonymous_7)
FNDA:1,(anonymous_8)
DA:1,1
DA:4,1
DA:5,1
DA:10,1
DA:11,0
DA:14,1
DA:15,0
DA:18,1
DA:27,1
DA:30,1
LF:10
LH:8
BRDA:10,0,0,0
BRDA:10,1,0,1
BRDA:10,1,1,1
BRDA:10,1,2,1
BRDA:10,1,3,1
BRDA:14,2,0,0
BRF:6
BRH:4
end_of_record
TN:
SF:src/application/use-cases/CriarEquipe.ts
FN:5,(anonymous_7)
FN:7,(anonymous_8)
FNF:2
FNH:2
FNDA:1,(anonymous_7)
FNDA:1,(anonymous_8)
DA:1,1
DA:4,1
DA:5,1
DA:10,1
DA:11,0
DA:14,1
DA:15,0
DA:18,1
DA:21,1
DA:24,1
LF:10
LH:8
BRDA:10,0,0,0
BRDA:10,1,0,1
BRDA:10,1,1,1
BRDA:14,2,0,0
BRF:4
BRH:2
end_of_record
TN:
SF:src/application/use-cases/CriarMeta.ts
FN:5,(anonymous_7)
FN:7,(anonymous_8)
FNF:2
FNH:2
FNDA:1,(anonymous_7)
FNDA:1,(anonymous_8)
DA:1,1
DA:4,1
DA:5,1
DA:10,1
DA:11,0
DA:14,1
DA:15,0
DA:18,1
DA:21,1
DA:24,1
LF:10
LH:8
BRDA:10,0,0,0
BRDA:10,1,0,1
BRDA:10,1,1,1
BRDA:10,1,2,1
BRDA:14,2,0,0
BRF:5
BRH:3
end_of_record
TN:
SF:src/application/use-cases/CriarVendedor.ts
FN:5,(anonymous_7)
FN:8,(anonymous_8)
FN:24,(anonymous_10)
FNF:3
FNH:2
FNDA:1,(anonymous_7)
FNDA:1,(anonymous_8)
FNDA:0,(anonymous_10)
DA:1,1
DA:4,1
DA:5,1
DA:11,1
DA:12,0
DA:15,1
DA:18,1
DA:21,1
DA:25,0
LF:9
LH:7
BRDA:11,0,0,0
BRDA:11,1,0,1
BRDA:11,1,1,1
BRDA:11,1,2,1
BRF:4
BRH:3
end_of_record
TN:
SF:src/application/use-cases/ObterAtividades.ts
FN:5,(anonymous_7)
FN:7,(anonymous_8)
FN:12,(anonymous_10)
FNF:3
FNH:1
FNDA:1,(anonymous_7)
FNDA:0,(anonymous_8)
FNDA:0,(anonymous_10)
DA:4,1
DA:5,1
DA:9,0
DA:14,0
LF:4
LH:2
BRF:0
BRH:0
end_of_record
TN:
SF:src/application/use-cases/ObterEquipe.ts
FN:5,(anonymous_7)
FN:7,(anonymous_8)
FN:12,(anonymous_10)
FNF:3
FNH:1
FNDA:1,(anonymous_7)
FNDA:0,(anonymous_8)
FNDA:0,(anonymous_10)
DA:4,1
DA:5,1
DA:9,0
DA:14,0
LF:4
LH:2
BRF:0
BRH:0
end_of_record
TN:
SF:src/application/use-cases/ObterEquipeDadosFull.ts
FN:7,(anonymous_7)
FN:14,(anonymous_8)
FN:31,(anonymous_10)
FN:31,(anonymous_11)
FN:37,(anonymous_12)
FNF:5
FNH:1
FNDA:1,(anonymous_7)
FNDA:0,(anonymous_8)
FNDA:0,(anonymous_10)
FNDA:0,(anonymous_11)
FNDA:0,(anonymous_12)
DA:6,1
DA:8,1
DA:9,1
DA:10,1
DA:11,1
DA:18,0
DA:19,0
DA:20,0
DA:24,0
DA:27,0
DA:30,0
DA:31,0
DA:32,0
DA:33,0
DA:37,0
DA:48,0
LF:16
LH:5
BRDA:19,0,0,0
BRDA:53,1,0,0
BRDA:53,1,1,0
BRF:3
BRH:0
end_of_record
TN:
SF:src/application/use-cases/ObterMeta.ts
FN:5,(anonymous_7)
FN:7,(anonymous_8)
FN:12,(anonymous_10)
FN:17,(anonymous_12)
FNF:4
FNH:1
FNDA:1,(anonymous_7)
FNDA:0,(anonymous_8)
FNDA:0,(anonymous_10)
FNDA:0,(anonymous_12)
DA:4,1
DA:5,1
DA:9,0
DA:14,0
DA:19,0
LF:5
LH:2
BRF:0
BRH:0
end_of_record
TN:
SF:src/application/use-cases/ObterVendedor.ts
FN:5,(anonymous_7)
FN:7,(anonymous_8)
FN:12,(anonymous_10)
FNF:3
FNH:1
FNDA:1,(anonymous_7)
FNDA:0,(anonymous_8)
FNDA:0,(anonymous_10)
DA:4,1
DA:5,1
DA:9,0
DA:14,0
LF:4
LH:2
BRF:0
BRH:0
end_of_record
TN:
SF:src/domain/entities/Atividade.ts
FN:2,(anonymous_0)
FNF:1
FNH:1
FNDA:1,(anonymous_0)
DA:1,1
DA:3,1
DA:4,1
DA:5,1
DA:6,1
DA:7,1
LF:6
LH:6
BRF:0
BRH:0
end_of_record
TN:
SF:src/domain/entities/Equipe.ts
FN:2,(anonymous_0)
FNF:1
FNH:1
FNDA:1,(anonymous_0)
DA:1,2
DA:3,1
DA:4,1
LF:3
LH:3
BRF:0
BRH:0
end_of_record
TN:
SF:src/domain/entities/Meta.ts
FN:2,(anonymous_0)
FNF:1
FNH:1
FNDA:1,(anonymous_0)
DA:1,2
DA:3,1
DA:4,1
DA:5,1
LF:4
LH:4
BRF:0
BRH:0
end_of_record
TN:
SF:src/domain/entities/Vendedor.ts
FN:2,(anonymous_0)
FNF:1
FNH:1
FNDA:1,(anonymous_0)
DA:1,2
DA:3,1
DA:4,1
DA:5,1
DA:6,1
LF:5
LH:5
BRF:0
BRH:0
end_of_record
TN:
SF:src/infrastructure/database/models/EquipeModel.ts
FNF:0
FNH:0
DA:1,1
DA:8,1
DA:13,1
LF:3
LH:3
BRF:0
BRH:0
end_of_record
TN:
SF:src/infrastructure/database/models/MetaModel.ts
FNF:0
FNH:0
DA:1,1
DA:9,1
DA:15,1
LF:3
LH:3
BRF:0
BRH:0
end_of_record
TN:
SF:src/infrastructure/database/models/VendedorModel.ts
FNF:0
FNH:0
DA:1,1
DA:9,1
DA:15,1
LF:3
LH:3
BRF:0
BRH:0
end_of_record
TN:
SF:src/infrastructure/repositories/EquipeRepositoryImpl.ts
FN:6,(anonymous_7)
FN:10,(anonymous_9)
FN:14,(anonymous_11)
FN:18,(anonymous_13)
FNF:4
FNH:0
FNDA:0,(anonymous_7)
FNDA:0,(anonymous_9)
FNDA:0,(anonymous_11)
FNDA:0,(anonymous_13)
DA:1,1
DA:3,1
DA:5,1
DA:7,0
DA:11,0
DA:15,0
DA:19,0
DA:25,0
DA:26,0
DA:28,0
LF:10
LH:3
BRDA:25,0,0,0
BRF:1
BRH:0
end_of_record
TN:
SF:src/infrastructure/repositories/MetaRepositoryImpl.ts
FN:5,(anonymous_7)
FN:8,(anonymous_8)
FN:12,(anonymous_10)
FN:17,(anonymous_12)
FN:21,(anonymous_14)
FN:25,(anonymous_16)
FNF:6
FNH:0
FNDA:0,(anonymous_7)
FNDA:0,(anonymous_8)
FNDA:0,(anonymous_10)
FNDA:0,(anonymous_12)
FNDA:0,(anonymous_14)
FNDA:0,(anonymous_16)
DA:1,1
DA:3,1
DA:5,1
DA:6,0
DA:9,0
DA:14,0
DA:18,0
DA:22,0
DA:26,0
DA:32,0
DA:33,0
DA:35,0
LF:12
LH:3
BRDA:32,0,0,0
BRF:1
BRH:0
end_of_record
TN:
SF:src/infrastructure/repositories/VendedorRepositoryImpl.ts
FN:7,(anonymous_7)
FN:11,(anonymous_9)
FN:20,(anonymous_11)
FN:22,(anonymous_13)
FN:22,(anonymous_14)
FN:28,(anonymous_15)
FN:30,(anonymous_17)
FN:30,(anonymous_18)
FN:36,(anonymous_19)
FNF:9
FNH:0
FNDA:0,(anonymous_7)
FNDA:0,(anonymous_9)
FNDA:0,(anonymous_11)
FNDA:0,(anonymous_13)
FNDA:0,(anonymous_14)
FNDA:0,(anonymous_15)
FNDA:0,(anonymous_17)
FNDA:0,(anonymous_18)
FNDA:0,(anonymous_19)
DA:1,1
DA:3,1
DA:4,1
DA:6,1
DA:8,0
DA:12,0
DA:13,0
DA:14,0
DA:15,0
DA:17,0
DA:21,0
DA:22,0
DA:23,0
DA:24,0
DA:29,0
DA:30,0
DA:31,0
DA:32,0
DA:37,0
DA:43,0
DA:44,0
DA:45,0
DA:47,0
LF:23
LH:4
BRDA:13,0,0,0
BRDA:15,1,0,0
BRDA:15,1,1,0
BRDA:24,2,0,0
BRDA:24,2,1,0
BRDA:32,3,0,0
BRDA:32,3,1,0
BRDA:43,4,0,0
BRDA:45,5,0,0
BRDA:45,5,1,0
BRF:10
BRH:0
end_of_record
TN:
SF:src/interfaces/controllers/AtividadeController.ts
FN:10,(anonymous_7)
FN:16,(anonymous_8)
FN:59,(anonymous_10)
FN:73,(anonymous_12)
FN:91,(anonymous_13)
FN:111,(anonymous_15)
FN:172,(anonymous_17)
FNF:7
FNH:2
FNDA:1,(anonymous_7)
FNDA:1,(anonymous_8)
FNDA:0,(anonymous_10)
FNDA:0,(anonymous_12)
FNDA:0,(anonymous_13)
FNDA:0,(anonymous_15)
FNDA:0,(anonymous_17)
DA:4,1
DA:5,1
DA:6,1
DA:9,1
DA:11,1
DA:12,1
DA:13,1
DA:17,1
DA:20,1
DA:21,0
DA:24,1
DA:27,1
DA:28,0
DA:41,1
DA:49,1
DA:52,0
DA:60,0
DA:61,0
DA:62,0
DA:63,0
DA:65,0
DA:69,0
DA:73,0
DA:81,0
DA:84,0
DA:92,0
DA:93,0
DA:94,0
DA:97,0
DA:98,0
DA:101,0
DA:104,0
DA:112,0
DA:113,0
DA:116,0
DA:117,0
DA:119,0
DA:122,0
DA:123,0
DA:124,0
DA:126,0
DA:129,0
DA:130,0
DA:131,0
DA:133,0
DA:136,0
DA:137,0
DA:141,0
DA:165,0
DA:173,0
DA:175,0
DA:176,0
DA:179,0
DA:180,0
DA:190,0
DA:193,0
DA:196,0
LF:57
LH:13
BRDA:20,0,0,0
BRDA:27,1,0,0
BRDA:27,2,0,1
BRDA:27,2,1,1
BRDA:27,2,2,1
BRDA:27,2,3,1
BRDA:31,3,0,0
BRDA:31,3,1,0
BRDA:32,4,0,0
BRDA:32,4,1,0
BRDA:33,5,0,0
BRDA:33,5,1,0
BRDA:34,6,0,0
BRDA:34,6,1,0
BRDA:61,7,0,0
BRDA:61,7,1,0
BRDA:62,8,0,0
BRDA:62,8,1,0
BRDA:97,9,0,0
BRDA:117,10,0,0
BRDA:124,11,0,0
BRDA:131,12,0,0
BRDA:157,13,0,0
BRDA:157,13,1,0
BRDA:179,14,0,0
BRDA:179,15,0,0
BRDA:179,15,1,0
BRDA:179,15,2,0
BRDA:183,16,0,0
BRDA:183,16,1,0
BRDA:184,17,0,0
BRDA:184,17,1,0
BRDA:185,18,0,0
BRDA:185,18,1,0
BRF:34
BRH:4
end_of_record
TN:
SF:src/interfaces/controllers/EquipeController.ts
FN:9,(anonymous_7)
FN:17,(anonymous_8)
FN:53,(anonymous_10)
FN:67,(anonymous_12)
FN:83,(anonymous_13)
FN:103,(anonymous_15)
FN:124,(anonymous_17)
FN:145,(anonymous_19)
FNF:8
FNH:2
FNDA:1,(anonymous_7)
FNDA:1,(anonymous_8)
FNDA:0,(anonymous_10)
FNDA:0,(anonymous_12)
FNDA:0,(anonymous_13)
FNDA:0,(anonymous_15)
FNDA:0,(anonymous_17)
FNDA:0,(anonymous_19)
DA:8,1
DA:10,1
DA:11,1
DA:12,1
DA:13,1
DA:14,1
DA:18,1
DA:21,1
DA:22,0
DA:25,1
DA:28,1
DA:29,0
DA:40,1
DA:43,1
DA:46,0
DA:54,0
DA:55,0
DA:56,0
DA:57,0
DA:59,0
DA:63,0
DA:67,0
DA:73,0
DA:76,0
DA:84,0
DA:85,0
DA:86,0
DA:89,0
DA:90,0
DA:93,0
DA:96,0
DA:104,0
DA:106,0
DA:108,0
DA:111,0
DA:117,0
DA:125,0
DA:126,0
DA:129,0
DA:132,0
DA:138,0
DA:146,0
DA:148,0
DA:149,0
DA:152,0
DA:153,0
DA:161,0
DA:164,0
DA:167,0
LF:49
LH:12
BRDA:21,0,0,0
BRDA:28,1,0,0
BRDA:28,2,0,1
BRDA:28,2,1,1
BRDA:32,3,0,0
BRDA:32,3,1,0
BRDA:33,4,0,0
BRDA:33,4,1,0
BRDA:55,5,0,0
BRDA:55,5,1,0
BRDA:56,6,0,0
BRDA:56,6,1,0
BRDA:89,7,0,0
BRDA:152,8,0,0
BRDA:156,9,0,0
BRDA:156,9,1,0
BRF:16
BRH:2
end_of_record
TN:
SF:src/interfaces/controllers/MetaController.ts
FN:7,(anonymous_7)
FN:9,(anonymous_8)
FN:46,(anonymous_10)
FN:61,(anonymous_12)
FN:78,(anonymous_13)
FN:98,(anonymous_15)
FN:130,(anonymous_17)
FNF:7
FNH:2
FNDA:1,(anonymous_7)
FNDA:1,(anonymous_8)
FNDA:0,(anonymous_10)
FNDA:0,(anonymous_12)
FNDA:0,(anonymous_13)
FNDA:0,(anonymous_15)
FNDA:0,(anonymous_17)
DA:6,1
DA:7,1
DA:10,1
DA:13,1
DA:14,0
DA:17,1
DA:20,1
DA:21,0
DA:33,1
DA:36,1
DA:39,0
DA:47,0
DA:48,0
DA:49,0
DA:50,0
DA:52,0
DA:56,0
DA:61,0
DA:68,0
DA:71,0
DA:79,0
DA:80,0
DA:81,0
DA:84,0
DA:85,0
DA:88,0
DA:91,0
DA:99,0
DA:101,0
DA:104,0
DA:107,0
DA:109,0
DA:113,0
DA:123,0
DA:131,0
DA:133,0
DA:134,0
DA:137,0
DA:138,0
DA:147,0
DA:150,0
DA:153,0
LF:42
LH:8
BRDA:13,0,0,0
BRDA:20,1,0,0
BRDA:20,2,0,1
BRDA:20,2,1,1
BRDA:20,2,2,1
BRDA:24,3,0,0
BRDA:24,3,1,0
BRDA:25,4,0,0
BRDA:25,4,1,0
BRDA:26,5,0,0
BRDA:26,5,1,0
BRDA:48,6,0,0
BRDA:48,6,1,0
BRDA:49,7,0,0
BRDA:49,7,1,0
BRDA:84,8,0,0
BRDA:107,9,0,0
BRDA:137,10,0,0
BRDA:137,11,0,0
BRDA:137,11,1,0
BRDA:141,12,0,0
BRDA:141,12,1,0
BRDA:142,13,0,0
BRDA:142,13,1,0
BRF:24
BRH:3
end_of_record
TN:
SF:src/interfaces/controllers/VendedorController.ts
FN:7,(anonymous_7)
FN:13,(anonymous_8)
FN:51,(anonymous_10)
FN:65,(anonymous_12)
FN:83,(anonymous_13)
FN:108,(anonymous_15)
FNF:6
FNH:2
FNDA:1,(anonymous_7)
FNDA:1,(anonymous_8)
FNDA:0,(anonymous_10)
FNDA:0,(anonymous_12)
FNDA:0,(anonymous_13)
FNDA:0,(anonymous_15)
DA:6,1
DA:8,1
DA:9,1
DA:10,1
DA:14,1
DA:18,1
DA:19,0
DA:22,1
DA:25,1
DA:26,0
DA:38,1
DA:41,1
DA:44,0
DA:52,0
DA:53,0
DA:54,0
DA:55,0
DA:57,0
DA:61,0
DA:65,0
DA:73,0
DA:76,0
DA:84,0
DA:85,0
DA:86,0
DA:89,0
DA:90,0
DA:93,0
DA:101,0
DA:109,0
DA:111,0
DA:112,0
DA:115,0
DA:116,0
DA:125,0
DA:128,0
DA:131,0
LF:37
LH:10
BRDA:18,0,0,0
BRDA:25,1,0,0
BRDA:25,2,0,1
BRDA:25,2,1,1
BRDA:25,2,2,1
BRDA:29,3,0,0
BRDA:29,3,1,0
BRDA:30,4,0,0
BRDA:30,4,1,0
BRDA:31,5,0,0
BRDA:31,5,1,0
BRDA:53,6,0,0
BRDA:53,6,1,0
BRDA:54,7,0,0
BRDA:54,7,1,0
BRDA:89,8,0,0
BRDA:115,9,0,0
BRDA:115,10,0,0
BRDA:115,10,1,0
BRDA:119,11,0,0
BRDA:119,11,1,0
BRDA:120,12,0,0
BRDA:120,12,1,0
BRF:23
BRH:3
end_of_record
